"C:/Users/fgarc/Documents/GitHub/ddsimulator/DDSimulator.uproject" 1
"../../../Engine/Plugins/2D/Paper2D/Paper2D.uplugin" 2
"../../../Engine/Plugins/Developer/BlankPlugin/BlankPlugin.uplugin" 3
"../../../Engine/Plugins/Developer/GitSourceControl/GitSourceControl.uplugin" 4
"../../../Engine/Plugins/Developer/KDevelopSourceCodeAccess/KDevelopSourceCodeAccess.uplugin" 5
"../../../Engine/Plugins/Developer/NullSourceCodeAccess/NullSourceCodeAccess.uplugin" 6
"../../../Engine/Plugins/Developer/PerforceSourceControl/PerforceSourceControl.uplugin" 7
"../../../Engine/Plugins/Developer/SubversionSourceControl/SubversionSourceControl.uplugin" 8
"../../../Engine/Plugins/Developer/UObjectPlugin/UObjectPlugin.uplugin" 9
"../../../Engine/Plugins/Developer/VisualStudioSourceCodeAccess/VisualStudioSourceCodeAccess.uplugin" 10
"../../../Engine/Plugins/Developer/XCodeSourceCodeAccess/XCodeSourceCodeAccess.uplugin" 11
"../../../Engine/Plugins/Editor/EpicSurvey/EpicSurvey.uplugin" 12
"../../../Engine/Plugins/Editor/MacGraphicsSwitching/MacGraphicsSwitching.uplugin" 13
"../../../Engine/Plugins/Editor/PluginBrowser/PluginBrowser.uplugin" 14
"../../../Engine/Plugins/Editor/PluginCreator/PluginCreator.uplugin" 15
"../../../Engine/Plugins/Editor/SpeedTreeImporter/SpeedTreeImporter.uplugin" 16
"../../../Engine/Plugins/Experimental/BlueprintStats/BlueprintStats.uplugin" 17
"../../../Engine/Plugins/Experimental/CharacterAI/CharacterAI.uplugin" 18
"../../../Engine/Plugins/Experimental/CodeEditor/CodeEditor.uplugin" 19
"../../../Engine/Plugins/Experimental/CodeView/CodeView.uplugin" 20
"../../../Engine/Plugins/Experimental/HTML5Networking/HTML5Networking.uplugin" 21
"../../../Engine/Plugins/Experimental/LiveEditor/LiveEditor.uplugin" 22
"../../../Engine/Plugins/Experimental/Phya/Phya.uplugin" 23
"../../../Engine/Plugins/Experimental/SimpleHMD/SimpleHMD.uplugin" 24
"../../../Engine/Plugins/Experimental/StructBox/StructBox.uplugin" 25
"../../../Engine/Plugins/Media/AndroidMedia/AndroidMedia.uplugin" 26
"../../../Engine/Plugins/Media/AvfMedia/AvfMedia.uplugin" 27
"../../../Engine/Plugins/Media/MediaPlayerEditor/MediaPlayerEditor.uplugin" 28
"../../../Engine/Plugins/Media/WmfMedia/WmfMedia.uplugin" 29
"../../../Engine/Plugins/Messaging/MessagingDebugger/MessagingDebugger.uplugin" 30
"../../../Engine/Plugins/Messaging/UdpMessaging/UdpMessaging.uplugin" 31
"../../../Engine/Plugins/NetcodeUnitTest/NetcodeUnitTest/NetcodeUnitTest.uplugin" 32
"../../../Engine/Plugins/NetcodeUnitTest/NUTUnrealEngine4/NUTUnrealEngine4.uplugin" 33
"../../../Engine/Plugins/Runtime/Advertising/IOSTapJoy/IOSTapJoy.uplugin" 34
"../../../Engine/Plugins/Runtime/Analytics/AnalyticsBlueprintLibrary/AnalyticsBlueprintLibrary.uplugin" 35
"../../../Engine/Plugins/Runtime/Analytics/AnalyticsMulticast/AnalyticsMulticast.uplugin" 36
"../../../Engine/Plugins/Runtime/Analytics/Apsalar/IOSApsalar/IOSApsalar.uplugin" 37
"../../../Engine/Plugins/Runtime/Analytics/FileLogging/FileLogging.uplugin" 38
"../../../Engine/Plugins/Runtime/Analytics/Flurry/IOSFlurry/IOSFlurry.uplugin" 39
"../../../Engine/Plugins/Runtime/AndroidDeviceProfileSelector/AndroidDeviceProfileSelector.uplugin" 40
"../../../Engine/Plugins/Runtime/AndroidMoviePlayer/AndroidMoviePlayer.uplugin" 41
"../../../Engine/Plugins/Runtime/AppleMoviePlayer/AppleMoviePlayer.uplugin" 42
"../../../Engine/Plugins/Runtime/CableComponent/CableComponent.uplugin" 43
"../../../Engine/Plugins/Runtime/CustomMeshComponent/CustomMeshComponent.uplugin" 44
"../../../Engine/Plugins/Runtime/ExampleDeviceProfileSelector/ExampleDeviceProfileSelector.uplugin" 45
"../../../Engine/Plugins/Runtime/GearVR/GearVR.uplugin" 46
"../../../Engine/Plugins/Runtime/IOSDeviceProfileSelector/IOSDeviceProfileSelector.uplugin" 47
"../../../Engine/Plugins/Runtime/LeapMotionController/LeapMotionController.uplugin" 48
"../../../Engine/Plugins/Runtime/LiveEditorListenServer/LiveEditorListenServer.uplugin" 49
"../../../Engine/Plugins/Runtime/OculusAudio/OculusAudio.uplugin" 50
"../../../Engine/Plugins/Runtime/OculusRift/OculusRift.uplugin" 51
"../../../Engine/Plugins/Runtime/ProceduralMeshComponent/ProceduralMeshComponent.uplugin" 52
"../../../Engine/Plugins/Runtime/SoundMod/SoundMod.uplugin" 53
"../../../Engine/Plugins/Runtime/SoundVisualizations/SoundVisualizations.uplugin" 54
"../../../Engine/Plugins/Runtime/Steam/SteamController/SteamController.uplugin" 55
"../../../Engine/Plugins/Runtime/Steam/SteamVR/SteamVR.uplugin" 56
"../../../Engine/Plugins/Runtime/WebBrowserWidget/WebBrowserWidget.uplugin" 57
"../../../Engine/Plugins/Runtime/WindowsDeviceProfileSelector/WindowsDeviceProfileSelector.uplugin" 58
"../../../Engine/Plugins/Runtime/WindowsMoviePlayer/WindowsMoviePlayer.uplugin" 59
"../../../Engine/Plugins/ScriptGeneratorPlugin/ScriptGeneratorPlugin.uplugin" 60
"../../../Engine/Plugins/ScriptPlugin/ScriptPlugin.uplugin" 61
"../../../Engine/Plugins/Slate/SlateRemote/SlateRemote.uplugin" 62
"..\..\..\Engine\Content\Internationalization\icudt53l\cnvalias.icu" 63
"..\..\..\Engine\Content\Internationalization\icudt53l\en_US_POSIX.res" 64
"..\..\..\Engine\Content\Internationalization\icudt53l\pool.res" 65
"..\..\..\Engine\Content\Internationalization\icudt53l\en_US.res" 66
"..\..\..\Engine\Content\Internationalization\icudt53l\en.res" 67
"..\..\..\Engine\Content\Internationalization\icudt53l\root.res" 68
"..\..\..\Engine\Content\Internationalization\icudt53l\es_ES.res" 69
"..\..\..\Engine\Content\Internationalization\icudt53l\es.res" 70
"C:/Users/fgarc/AppData/Local/UnrealEngine/4.8/Saved/Config/Windows/Manifest.ini" 71
"../../../Engine/Config/Base.ini" 72
"../../../Engine/Config/BaseEngine.ini" 73
"C:/Users/fgarc/Documents/GitHub/ddsimulator/Config/DefaultEngine.ini" 74
"../../../Engine/Config/Windows/WindowsEngine.ini" 75
"C:/Users/fgarc/Documents/GitHub/ddsimulator/Saved/Config/Windows/Engine.ini" 76
"../../../../../../Users/fgarc/Documents/GitHub/ddsimulator/Intermediate/Config/CoalescedSourceConfigs/Engine.ini" 77
"../../../Engine/Config/BaseGame.ini" 78
"C:/Users/fgarc/Documents/GitHub/ddsimulator/Config/DefaultGame.ini" 79
"C:/Users/fgarc/Documents/GitHub/ddsimulator/Saved/Config/Windows/Game.ini" 80
"../../../../../../Users/fgarc/Documents/GitHub/ddsimulator/Intermediate/Config/CoalescedSourceConfigs/Game.ini" 81
"../../../Engine/Config/BaseInput.ini" 82
"C:/Users/fgarc/Documents/GitHub/ddsimulator/Config/DefaultInput.ini" 83
"C:/Users/fgarc/Documents/GitHub/ddsimulator/Saved/Config/Windows/Input.ini" 84
"../../../../../../Users/fgarc/Documents/GitHub/ddsimulator/Intermediate/Config/CoalescedSourceConfigs/Input.ini" 85
"../../../Engine/Config/BaseEditor.ini" 86
"C:/Users/fgarc/Documents/GitHub/ddsimulator/Config/DefaultEditor.ini" 87
"C:/Users/fgarc/Documents/GitHub/ddsimulator/Saved/Config/Windows/Editor.ini" 88
"../../../../../../Users/fgarc/Documents/GitHub/ddsimulator/Intermediate/Config/CoalescedSourceConfigs/Editor.ini" 89
"../../../Engine/Config/BaseEditorPerProjectUserSettings.ini" 90
"C:/Users/fgarc/Documents/GitHub/ddsimulator/Config/DefaultEditorPerProjectUserSettings.ini" 91
"C:/Users/fgarc/Documents/GitHub/ddsimulator/Saved/Config/Windows/EditorPerProjectUserSettings.ini" 92
"../../../../../../Users/fgarc/Documents/GitHub/ddsimulator/Intermediate/Config/CoalescedSourceConfigs/EditorPerProjectUserSettings.ini" 93
"../../../Engine/Config/BaseEditorSettings.ini" 94
"C:/Users/fgarc/AppData/Local/UnrealEngine/4.8/Saved/Config/Windows/EditorSettings.ini" 95
"../../../../../../Users/fgarc/Documents/GitHub/ddsimulator/Intermediate/Config/CoalescedSourceConfigs/EditorSettings.ini" 96
"../../../Engine/Config/BaseEditorLayout.ini" 97
"C:/Users/fgarc/AppData/Local/UnrealEngine/4.8/Saved/Config/Windows/EditorLayout.ini" 98
"../../../../../../Users/fgarc/Documents/GitHub/ddsimulator/Intermediate/Config/CoalescedSourceConfigs/EditorLayout.ini" 99
"../../../Engine/Config/BaseEditorKeyBindings.ini" 100
"C:/Users/fgarc/AppData/Local/UnrealEngine/4.8/Saved/Config/Windows/EditorKeyBindings.ini" 101
"../../../../../../Users/fgarc/Documents/GitHub/ddsimulator/Intermediate/Config/CoalescedSourceConfigs/EditorKeyBindings.ini" 102
"../../../Engine/Config/BaseCompat.ini" 103
"C:/Users/fgarc/Documents/GitHub/ddsimulator/Saved/Config/Windows/Compat.ini" 104
"../../../../../../Users/fgarc/Documents/GitHub/ddsimulator/Intermediate/Config/CoalescedSourceConfigs/Compat.ini" 105
"../../../Engine/Config/BaseLightmass.ini" 106
"C:/Users/fgarc/Documents/GitHub/ddsimulator/Saved/Config/Windows/Lightmass.ini" 107
"../../../../../../Users/fgarc/Documents/GitHub/ddsimulator/Intermediate/Config/CoalescedSourceConfigs/Lightmass.ini" 108
"../../../Engine/Config/BaseScalability.ini" 109
"C:/Users/fgarc/Documents/GitHub/ddsimulator/Saved/Config/Windows/Scalability.ini" 110
"../../../../../../Users/fgarc/Documents/GitHub/ddsimulator/Intermediate/Config/CoalescedSourceConfigs/Scalability.ini" 111
"C:/Users/fgarc/Documents/GitHub/ddsimulator/Saved/Config/Windows/GameUserSettings.ini" 112
"../../../../../../Users/fgarc/Documents/GitHub/ddsimulator/Intermediate/Config/CoalescedSourceConfigs/GameUserSettings.ini" 113
"../../../Engine/Config/BaseDeviceProfiles.ini" 114
"C:/Users/fgarc/Documents/GitHub/ddsimulator/Saved/Config/Windows/DeviceProfiles.ini" 115
"../../../../../../Users/fgarc/Documents/GitHub/ddsimulator/Intermediate/Config/CoalescedSourceConfigs/DeviceProfiles.ini" 116
"../../../Engine/Config/ConsoleVariables.ini" 117
"..\..\..\Engine\Content\Internationalization\icudt53l\ja.res" 118
"..\..\..\Engine\Content\Internationalization\icudt53l\ko.res" 119
"..\..\..\Engine\Content\Internationalization\icudt53l\pt_BR.res" 120
"..\..\..\Engine\Content\Internationalization\icudt53l\pt.res" 121
"..\..\..\Engine\Content\Internationalization\icudt53l\zh_CN.res" 122
"..\..\..\Engine\Content\Internationalization\icudt53l\zh_Hans_CN.res" 123
"..\..\..\Engine\Content\Internationalization\icudt53l\zh_Hans.res" 124
"..\..\..\Engine\Content\Internationalization\icudt53l\zh.res" 125
"C:/Program Files/Epic Games/4.8/Engine/Content/Localization/Editor/es/Editor.locres" 126
"C:/Program Files/Epic Games/4.8/Engine/Content/Localization/EditorTutorials/es/EditorTutorials.locres" 127
"C:/Program Files/Epic Games/4.8/Engine/Content/Localization/Keywords/es/Keywords.locres" 128
"C:/Program Files/Epic Games/4.8/Engine/Content/Localization/ToolTips/es/ToolTips.locres" 129
"C:/Program Files/Epic Games/4.8/Engine/Content/Localization/PropertyNames/es/PropertyNames.locres" 130
"C:/Program Files/Epic Games/4.8/Engine/Content/Localization/Engine/es/Engine.locres" 131
"../../../Engine/Content/Slate/Fonts/Roboto-Regular.ttf" 132
"../../../Engine/Content/Slate/Fonts/DroidSansMono.ttf" 133
"../../../Engine/Content/Slate/Fonts/Roboto-Bold.ttf" 134
"../../../Engine/Content/Slate/Fonts/Roboto-Light.ttf" 135
"C:/Program Files/Epic Games/4.8/Engine/Binaries/Win64/../../../Engine/Shaders/ParticleSpriteVertexFactory.usf" 136
"C:/Program Files/Epic Games/4.8/Engine/Binaries/Win64/../../../Engine/Shaders/VertexFactoryCommon.usf" 137
"C:/Program Files/Epic Games/4.8/Engine/Binaries/Win64/../../../Engine/Shaders/Common.usf" 138
"C:/Program Files/Epic Games/4.8/Engine/Binaries/Win64/../../../Engine/Shaders/MetalCommon.usf" 139
"C:/Program Files/Epic Games/4.8/Engine/Binaries/Win64/../../../Engine/Shaders/ShaderVersion.usf" 140
"C:/Program Files/Epic Games/4.8/Engine/Binaries/Win64/../../../Engine/Shaders/Definitions.usf" 141
"C:/Program Files/Epic Games/4.8/Engine/Binaries/Win64/../../../Engine/Shaders/Random.usf" 142
"C:/Program Files/Epic Games/4.8/Engine/Binaries/Win64/../../../Engine/Shaders/ParticleVertexFactoryCommon.usf" 143
"C:/Program Files/Epic Games/4.8/Engine/Binaries/Win64/../../../Engine/Shaders/ParticleGPUSpriteVertexFactory.usf" 144
"C:/Program Files/Epic Games/4.8/Engine/Binaries/Win64/../../../Engine/Shaders/ParticleBeamTrailVertexFactory.usf" 145
"C:/Program Files/Epic Games/4.8/Engine/Binaries/Win64/../../../Engine/Shaders/LocalVertexFactory.usf" 146
"C:/Program Files/Epic Games/4.8/Engine/Binaries/Win64/../../../Engine/Shaders/LocalVertexFactoryCommon.usf" 147
"C:/Program Files/Epic Games/4.8/Engine/Binaries/Win64/../../../Engine/Shaders/VectorFieldVisualizationVertexFactory.usf" 148
"C:/Program Files/Epic Games/4.8/Engine/Binaries/Win64/../../../Engine/Shaders/MeshParticleVertexFactory.usf" 149
"C:/Program Files/Epic Games/4.8/Engine/Binaries/Win64/../../../Engine/Shaders/GpuSkinVertexFactory.usf" 150
"C:/Program Files/Epic Games/4.8/Engine/Binaries/Win64/../../../Engine/Shaders/GpuSkinCacheCommon.usf" 151
"C:/Program Files/Epic Games/4.8/Engine/Binaries/Win64/../../../Engine/Shaders/LandscapeVertexFactory.usf" 152
"C:/Program Files/Epic Games/4.8/Engine/Binaries/Win64/../../../Engine/Shaders/SlateElementPixelShader.usf" 153
"C:/Program Files/Epic Games/4.8/Engine/Binaries/Win64/../../../Engine/Shaders/GammaCorrectionCommon.usf" 154
"C:/Program Files/Epic Games/4.8/Engine/Binaries/Win64/../../../Engine/Shaders/MaterialTemplate.usf" 155
"C:/Program Files/Epic Games/4.8/Engine/Binaries/Win64/../../../Engine/Shaders/DepthOfFieldCommon.usf" 156
"C:/Program Files/Epic Games/4.8/Engine/Binaries/Win64/../../../Engine/Shaders/SpeedTreeCommon.usf" 157
"C:/Program Files/Epic Games/4.8/Engine/Binaries/Win64/../../../Engine/Shaders/AtmosphereCommon.usf" 158
"C:/Program Files/Epic Games/4.8/Engine/Binaries/Win64/../../../Engine/Shaders/EyeAdaptationCommon.usf" 159
"C:/Program Files/Epic Games/4.8/Engine/Binaries/Win64/../../../Engine/Shaders/PostProcessCommon.usf" 160
"C:/Program Files/Epic Games/4.8/Engine/Binaries/Win64/../../../Engine/Shaders/DeferredShadingCommon.usf" 161
"C:/Program Files/Epic Games/4.8/Engine/Binaries/Win64/../../../Engine/Shaders/LightAccumulator.usf" 162
"C:/Program Files/Epic Games/4.8/Engine/Binaries/Win64/../../../Engine/Shaders/SlateVertexShader.usf" 163
"C:/Program Files/Epic Games/4.8/Engine/Binaries/Win64/../../../Engine/Shaders/ParticleSortKeyGen.usf" 164
"C:/Program Files/Epic Games/4.8/Engine/Binaries/Win64/../../../Engine/Shaders/ParticleBoundsShader.usf" 165
"C:/Program Files/Epic Games/4.8/Engine/Binaries/Win64/../../../Engine/Shaders/ParticleSimVisualizeShader.usf" 166
"C:/Program Files/Epic Games/4.8/Engine/Binaries/Win64/../../../Engine/Shaders/ParticleInjectionShader.usf" 167
"C:/Program Files/Epic Games/4.8/Engine/Binaries/Win64/../../../Engine/Shaders/ParticleSimulationShader.usf" 168
"C:/Program Files/Epic Games/4.8/Engine/Binaries/Win64/../../../Engine/Shaders/ParticleCurveInjectionShader.usf" 169
"C:/Program Files/Epic Games/4.8/Engine/Binaries/Win64/../../../Engine/Shaders/VectorFieldCompositeShaders.usf" 170
"C:/Program Files/Epic Games/4.8/Engine/Binaries/Win64/../../../Engine/Shaders/UpdateTextureShaders.usf" 171
"C:/Program Files/Epic Games/4.8/Engine/Binaries/Win64/../../../Engine/Shaders/SimpleElementColorChannelMaskPixelShader.usf" 172
"C:/Program Files/Epic Games/4.8/Engine/Binaries/Win64/../../../Engine/Shaders/SimpleElementHitProxyPixelShader.usf" 173
"C:/Program Files/Epic Games/4.8/Engine/Binaries/Win64/../../../Engine/Shaders/SimpleElementPixelShader.usf" 174
"C:/Program Files/Epic Games/4.8/Engine/Binaries/Win64/../../../Engine/Shaders/ColorUtils.usf" 175
"C:/Program Files/Epic Games/4.8/Engine/Binaries/Win64/../../../Engine/Shaders/IESLightProfilesCommon.usf" 176
"C:/Program Files/Epic Games/4.8/Engine/Binaries/Win64/../../../Engine/Shaders/SimpleElementVertexShader.usf" 177
"C:/Program Files/Epic Games/4.8/Engine/Binaries/Win64/../../../Engine/Shaders/ScreenVertexShader.usf" 178
"C:/Program Files/Epic Games/4.8/Engine/Binaries/Win64/../../../Engine/Shaders/ScreenPixelShader.usf" 179
"C:/Program Files/Epic Games/4.8/Engine/Binaries/Win64/../../../Engine/Shaders/RadixSortShaders.usf" 180
"C:/Program Files/Epic Games/4.8/Engine/Binaries/Win64/../../../Engine/Shaders/GpuSkinCacheComputeShader.usf" 181
"C:/Program Files/Epic Games/4.8/Engine/Binaries/Win64/../../../Engine/Shaders/NullPixelShader.usf" 182
"C:/Program Files/Epic Games/4.8/Engine/Binaries/Win64/../../../Engine/Shaders/LandscapeGrassWeight.usf" 183
"C:/Program Files/Epic Games/4.8/Engine/Binaries/Win64/../../../Engine/Shaders/VisualizeTexture.usf" 184
"C:/Program Files/Epic Games/4.8/Engine/Binaries/Win64/../../../Engine/Shaders/ScreenSpaceReflections.usf" 185
"C:/Program Files/Epic Games/4.8/Engine/Binaries/Win64/../../../Engine/Shaders/BRDF.usf" 186
"C:/Program Files/Epic Games/4.8/Engine/Binaries/Win64/../../../Engine/Shaders/MonteCarlo.usf" 187
"C:/Program Files/Epic Games/4.8/Engine/Binaries/Win64/../../../Engine/Shaders/ScreenSpaceRayCast.usf" 188
"C:/Program Files/Epic Games/4.8/Engine/Binaries/Win64/../../../Engine/Shaders/FilterVertexShader.usf" 189
"C:/Program Files/Epic Games/4.8/Engine/Binaries/Win64/../../../Engine/Shaders/FilterPixelShader.usf" 190
"C:/Program Files/Epic Games/4.8/Engine/Binaries/Win64/../../../Engine/Shaders/PostProcessVisualizeHDR.usf" 191
"C:/Program Files/Epic Games/4.8/Engine/Binaries/Win64/../../../Engine/Shaders/PostProcessHistogramCommon.usf" 192
"C:/Program Files/Epic Games/4.8/Engine/Binaries/Win64/../../../Engine/Shaders/TonemapCommon.usf" 193
"C:/Program Files/Epic Games/4.8/Engine/Binaries/Win64/../../../Engine/Shaders/ACES.usf" 194
"C:/Program Files/Epic Games/4.8/Engine/Binaries/Win64/../../../Engine/Shaders/MiniFontCommon.usf" 195
"C:/Program Files/Epic Games/4.8/Engine/Binaries/Win64/../../../Engine/Shaders/PostProcessVisualizeBuffer.usf" 196
"C:/Program Files/Epic Games/4.8/Engine/Binaries/Win64/../../../Engine/Shaders/PostProcessUpscale.usf" 197
"C:/Program Files/Epic Games/4.8/Engine/Binaries/Win64/../../../Engine/Shaders/PostProcessTonemap.usf" 198
"C:/Program Files/Epic Games/4.8/Engine/Binaries/Win64/../../../Engine/Shaders/PostProcessTestImage.usf" 199
"C:/Program Files/Epic Games/4.8/Engine/Binaries/Win64/../../../Engine/Shaders/PostProcessTemporalAA.usf" 200
"C:/Program Files/Epic Games/4.8/Engine/Binaries/Win64/../../../Engine/Shaders/PostProcessTemporalCommon.usf" 201
"C:/Program Files/Epic Games/4.8/Engine/Binaries/Win64/../../../Engine/Shaders/PostProcessSubsurface.usf" 202
"C:/Program Files/Epic Games/4.8/Engine/Binaries/Win64/../../../Engine/Shaders/SeparableSSS.usf" 203
"C:/Program Files/Epic Games/4.8/Engine/Binaries/Win64/../../../Engine/Shaders/PostProcessSelectionOutline.usf" 204
"C:/Program Files/Epic Games/4.8/Engine/Binaries/Win64/../../../Engine/Shaders/PostProcessSceneColorFringe.usf" 205
"C:/Program Files/Epic Games/4.8/Engine/Binaries/Win64/../../../Engine/Shaders/PostProcessNoiseBlur.usf" 206
"C:/Program Files/Epic Games/4.8/Engine/Binaries/Win64/../../../Engine/Shaders/PostProcessMotionBlur.usf" 207
"C:/Program Files/Epic Games/4.8/Engine/Binaries/Win64/../../../Engine/Shaders/PostProcessVelocityFlatten.usf" 208
"C:/Program Files/Epic Games/4.8/Engine/Binaries/Win64/../../../Engine/Shaders/MorpheusInclude.usf" 209
"C:/Program Files/Epic Games/4.8/Engine/Binaries/Win64/../../../Engine/Shaders/PostProcessMobile.usf" 210
"C:/Program Files/Epic Games/4.8/Engine/Binaries/Win64/../../../Engine/Shaders/PostProcessMaterialShaders.usf" 211
"C:/Program Files/Epic Games/4.8/Engine/Binaries/Win64/../../../Engine/Shaders/PostProcessLensFlares.usf" 212
"C:/Program Files/Epic Games/4.8/Engine/Binaries/Win64/../../../Engine/Shaders/PostProcessLensBlur.usf" 213
"C:/Program Files/Epic Games/4.8/Engine/Binaries/Win64/../../../Engine/Shaders/PostProcessBloom.usf" 214
"C:/Program Files/Epic Games/4.8/Engine/Binaries/Win64/../../../Engine/Shaders/PostProcessHMD.usf" 215
"C:/Program Files/Epic Games/4.8/Engine/Binaries/Win64/../../../Engine/Shaders/PostProcessHistogramReduce.usf" 216
"C:/Program Files/Epic Games/4.8/Engine/Binaries/Win64/../../../Engine/Shaders/PostProcessHistogram.usf" 217
"C:/Program Files/Epic Games/4.8/Engine/Binaries/Win64/../../../Engine/Shaders/PostProcessGBufferHints.usf" 218
"C:/Program Files/Epic Games/4.8/Engine/Binaries/Win64/../../../Engine/Shaders/PostProcessEyeAdaptation.usf" 219
"C:/Program Files/Epic Games/4.8/Engine/Binaries/Win64/../../../Engine/Shaders/PostProcessDownsample.usf" 220
"C:/Program Files/Epic Games/4.8/Engine/Binaries/Win64/../../../Engine/Shaders/PostProcessDOF.usf" 221
"C:/Program Files/Epic Games/4.8/Engine/Binaries/Win64/../../../Engine/Shaders/PostProcessCompositeEditorPrimitives.usf" 222
"C:/Program Files/Epic Games/4.8/Engine/Binaries/Win64/../../../Engine/Shaders/PostProcessCombineLUTs.usf" 223
"C:/Program Files/Epic Games/4.8/Engine/Binaries/Win64/../../../Engine/Shaders/PostProcessBusyWait.usf" 224
"C:/Program Files/Epic Games/4.8/Engine/Binaries/Win64/../../../Engine/Shaders/PostProcessBokehDOF.usf" 225
"C:/Program Files/Epic Games/4.8/Engine/Binaries/Win64/../../../Engine/Shaders/FXAAShader.usf" 226
"C:/Program Files/Epic Games/4.8/Engine/Binaries/Win64/../../../Engine/Shaders/Fxaa3_11.usf" 227
"C:/Program Files/Epic Games/4.8/Engine/Binaries/Win64/../../../Engine/Shaders/PostProcessPassThrough.usf" 228
"C:/Program Files/Epic Games/4.8/Engine/Binaries/Win64/../../../Engine/Shaders/PostProcessLpvIndirect.usf" 229
"C:/Program Files/Epic Games/4.8/Engine/Binaries/Win64/../../../Engine/Shaders/DeferredLightingCommon.usf" 230
"C:/Program Files/Epic Games/4.8/Engine/Binaries/Win64/../../../Engine/Shaders/DynamicLightingCommon.usf" 231
"C:/Program Files/Epic Games/4.8/Engine/Binaries/Win64/../../../Engine/Shaders/LPVFinalPass.usf" 232
"C:/Program Files/Epic Games/4.8/Engine/Binaries/Win64/../../../Engine/Shaders/LPVCommon.usf" 233
"C:/Program Files/Epic Games/4.8/Engine/Binaries/Win64/../../../Engine/Shaders/DeferredDecal.usf" 234
"C:/Program Files/Epic Games/4.8/Engine/Binaries/Win64/../../../Engine/Shaders/PostProcessAmbientOcclusion.usf" 235
"C:/Program Files/Epic Games/4.8/Engine/Binaries/Win64/../../../Engine/Shaders/PostProcessAmbient.usf" 236
"C:/Program Files/Epic Games/4.8/Engine/Binaries/Win64/../../../Engine/Shaders/CubemapCommon.usf" 237
"C:/Program Files/Epic Games/4.8/Engine/Binaries/Win64/../../../Engine/Shaders/VelocityShader.usf" 238
"C:/Program Files/Epic Games/4.8/Engine/Binaries/Win64/../../../Engine/Shaders/VelocityCommon.usf" 239
"C:/Program Files/Epic Games/4.8/Engine/Binaries/Win64/../../../Engine/Shaders/Tessellation.usf" 240
"C:/Program Files/Epic Games/4.8/Engine/Binaries/Win64/../../../Engine/Shaders/FlatTessellation.usf" 241
"C:/Program Files/Epic Games/4.8/Engine/Binaries/Win64/../../../Engine/Shaders/PNTriangles.usf" 242
"C:/Program Files/Epic Games/4.8/Engine/Binaries/Win64/../../../Engine/Shaders/TranslucentLightingShaders.usf" 243
"C:/Program Files/Epic Games/4.8/Engine/Binaries/Win64/../../../Engine/Shaders/SHCommon.usf" 244
"C:/Program Files/Epic Games/4.8/Engine/Binaries/Win64/../../../Engine/Shaders/ShadowProjectionCommon.usf" 245
"C:/Program Files/Epic Games/4.8/Engine/Binaries/Win64/../../../Engine/Shaders/TranslucentLightInjectionShaders.usf" 246
"C:/Program Files/Epic Games/4.8/Engine/Binaries/Win64/../../../Engine/Shaders/LightFunctionCommon.usf" 247
"C:/Program Files/Epic Games/4.8/Engine/Binaries/Win64/../../../Engine/Shaders/TranslucentShadowDepthShaders.usf" 248
"C:/Program Files/Epic Games/4.8/Engine/Binaries/Win64/../../../Engine/Shaders/ShadowDepthCommon.usf" 249
"C:/Program Files/Epic Games/4.8/Engine/Binaries/Win64/../../../Engine/Shaders/TiledDeferredLightShaders.usf" 250
"C:/Program Files/Epic Games/4.8/Engine/Binaries/Win64/../../../Engine/Shaders/SurfelTree.usf" 251
"C:/Program Files/Epic Games/4.8/Engine/Binaries/Win64/../../../Engine/Shaders/DistanceFieldLightingShared.usf" 252
"C:/Program Files/Epic Games/4.8/Engine/Binaries/Win64/../../../Engine/Shaders/SurfelMaterialShared.usf" 253
"C:/Program Files/Epic Games/4.8/Engine/Binaries/Win64/../../../Engine/Shaders/DistanceFieldAOShared.usf" 254
"C:/Program Files/Epic Games/4.8/Engine/Binaries/Win64/../../../Engine/Shaders/ShadowProjectionPixelShader.usf" 255
"C:/Program Files/Epic Games/4.8/Engine/Binaries/Win64/../../../Engine/Shaders/ShadowFilteringCommon.usf" 256
"C:/Program Files/Epic Games/4.8/Engine/Binaries/Win64/../../../Engine/Shaders/ShadowProjectionVertexShader.usf" 257
"C:/Program Files/Epic Games/4.8/Engine/Binaries/Win64/../../../Engine/Shaders/ShadowDepthPixelShader.usf" 258
"C:/Program Files/Epic Games/4.8/Engine/Binaries/Win64/../../../Engine/Shaders/LPVWriteVplCommon.usf" 259
"C:/Program Files/Epic Games/4.8/Engine/Binaries/Win64/../../../Engine/Shaders/LPVWriteCommon.usf" 260
"C:/Program Files/Epic Games/4.8/Engine/Binaries/Win64/../../../Engine/Shaders/ShadowDepthVertexShader.usf" 261
"C:/Program Files/Epic Games/4.8/Engine/Binaries/Win64/../../../Engine/Shaders/ShaderComplexityApplyPixelShader.usf" 262
"C:/Program Files/Epic Games/4.8/Engine/Binaries/Win64/../../../Engine/Shaders/ShaderComplexityApplyVertexShader.usf" 263
"C:/Program Files/Epic Games/4.8/Engine/Binaries/Win64/../../../Engine/Shaders/ShaderComplexityAccumulatePixelShader.usf" 264
"C:/Program Files/Epic Games/4.8/Engine/Binaries/Win64/../../../Engine/Shaders/HZBOcclusion.usf" 265
"C:/Program Files/Epic Games/4.8/Engine/Binaries/Win64/../../../Engine/Shaders/OcclusionQueryVertexShader.usf" 266
"C:/Program Files/Epic Games/4.8/Engine/Binaries/Win64/../../../Engine/Shaders/HitProxyPixelShader.usf" 267
"C:/Program Files/Epic Games/4.8/Engine/Binaries/Win64/../../../Engine/Shaders/HitProxyVertexShader.usf" 268
"C:/Program Files/Epic Games/4.8/Engine/Binaries/Win64/../../../Engine/Shaders/ReflectionEnvironmentShaders.usf" 269
"C:/Program Files/Epic Games/4.8/Engine/Binaries/Win64/../../../Engine/Shaders/ReflectionEnvironmentShared.usf" 270
"C:/Program Files/Epic Games/4.8/Engine/Binaries/Win64/../../../Engine/Shaders/SkyLightingShared.usf" 271
"C:/Program Files/Epic Games/4.8/Engine/Binaries/Win64/../../../Engine/Shaders/ReflectionEnvironmentComputeShaders.usf" 272
"C:/Program Files/Epic Games/4.8/Engine/Binaries/Win64/../../../Engine/Shaders/LightShaftShader.usf" 273
"C:/Program Files/Epic Games/4.8/Engine/Binaries/Win64/../../../Engine/Shaders/StationaryLightOverlapShaders.usf" 274
"C:/Program Files/Epic Games/4.8/Engine/Binaries/Win64/../../../Engine/Shaders/DeferredLightPixelShaders.usf" 275
"C:/Program Files/Epic Games/4.8/Engine/Binaries/Win64/../../../Engine/Shaders/DeferredLightVertexShaders.usf" 276
"C:/Program Files/Epic Games/4.8/Engine/Binaries/Win64/../../../Engine/Shaders/LPVVisualise.usf" 277
"C:/Program Files/Epic Games/4.8/Engine/Binaries/Win64/../../../Engine/Shaders/LPVGeometryVolumeCommon.usf" 278
"C:/Program Files/Epic Games/4.8/Engine/Binaries/Win64/../../../Engine/Shaders/LPVDirectLightInject.usf" 279
"C:/Program Files/Epic Games/4.8/Engine/Binaries/Win64/../../../Engine/Shaders/LPVPropagate.usf" 280
"C:/Program Files/Epic Games/4.8/Engine/Binaries/Win64/../../../Engine/Shaders/LPVBuildGeometryVolume.usf" 281
"C:/Program Files/Epic Games/4.8/Engine/Binaries/Win64/../../../Engine/Shaders/LPVInject_AccumulateVplLists.usf" 282
"C:/Program Files/Epic Games/4.8/Engine/Binaries/Win64/../../../Engine/Shaders/LPVInject_GenerateVplLists.usf" 283
"C:/Program Files/Epic Games/4.8/Engine/Binaries/Win64/../../../Engine/Shaders/LPVClearLists.usf" 284
"C:/Program Files/Epic Games/4.8/Engine/Binaries/Win64/../../../Engine/Shaders/LPVClear.usf" 285
"C:/Program Files/Epic Games/4.8/Engine/Binaries/Win64/../../../Engine/Shaders/LightMapDensityShader.usf" 286
"C:/Program Files/Epic Games/4.8/Engine/Binaries/Win64/../../../Engine/Shaders/LightFunctionPixelShader.usf" 287
"C:/Program Files/Epic Games/4.8/Engine/Binaries/Win64/../../../Engine/Shaders/LightFunctionVertexShader.usf" 288
"C:/Program Files/Epic Games/4.8/Engine/Binaries/Win64/../../../Engine/Shaders/HeightfieldLighting.usf" 289
"C:/Program Files/Epic Games/4.8/Engine/Binaries/Win64/../../../Engine/Shaders/DistanceFieldShadowingShared.usf" 290
"C:/Program Files/Epic Games/4.8/Engine/Binaries/Win64/../../../Engine/Shaders/HdrCustomResolveShaders.usf" 291
"C:/Program Files/Epic Games/4.8/Engine/Binaries/Win64/../../../Engine/Shaders/GPUBenchmark.usf" 292
"C:/Program Files/Epic Games/4.8/Engine/Binaries/Win64/../../../Engine/Shaders/GammaCorrection.usf" 293
"C:/Program Files/Epic Games/4.8/Engine/Binaries/Win64/../../../Engine/Shaders/BasePassForForwardShadingPixelShader.usf" 294
"C:/Program Files/Epic Games/4.8/Engine/Binaries/Win64/../../../Engine/Shaders/BasePassForForwardShadingCommon.usf" 295
"C:/Program Files/Epic Games/4.8/Engine/Binaries/Win64/../../../Engine/Shaders/LightmapCommon.usf" 296
"C:/Program Files/Epic Games/4.8/Engine/Binaries/Win64/../../../Engine/Shaders/BasePassForForwardShadingVertexShader.usf" 297
"C:/Program Files/Epic Games/4.8/Engine/Binaries/Win64/../../../Engine/Shaders/HeightFogCommon.usf" 298
"C:/Program Files/Epic Games/4.8/Engine/Binaries/Win64/../../../Engine/Shaders/HeightFogPixelShader.usf" 299
"C:/Program Files/Epic Games/4.8/Engine/Binaries/Win64/../../../Engine/Shaders/HeightFogVertexShader.usf" 300
"C:/Program Files/Epic Games/4.8/Engine/Binaries/Win64/../../../Engine/Shaders/DistortAccumulatePS.usf" 301
"C:/Program Files/Epic Games/4.8/Engine/Binaries/Win64/../../../Engine/Shaders/DistortAccumulateVS.usf" 302
"C:/Program Files/Epic Games/4.8/Engine/Binaries/Win64/../../../Engine/Shaders/DistortApplyScreenPS.usf" 303
"C:/Program Files/Epic Games/4.8/Engine/Binaries/Win64/../../../Engine/Shaders/DistanceFieldSurfaceCacheLighting.usf" 304
"C:/Program Files/Epic Games/4.8/Engine/Binaries/Win64/../../../Engine/Shaders/SkyLighting.usf" 305
"C:/Program Files/Epic Games/4.8/Engine/Binaries/Win64/../../../Engine/Shaders/DistanceFieldGlobalIllumination.usf" 306
"C:/Program Files/Epic Games/4.8/Engine/Binaries/Win64/../../../Engine/Shaders/DistanceFieldLightingPost.usf" 307
"C:/Program Files/Epic Games/4.8/Engine/Binaries/Win64/../../../Engine/Shaders/DistanceFieldSurfaceCacheLightingCompute.usf" 308
"C:/Program Files/Epic Games/4.8/Engine/Binaries/Win64/../../../Engine/Shaders/DistanceFieldShadowing.usf" 309
"C:/Program Files/Epic Games/4.8/Engine/Binaries/Win64/../../../Engine/Shaders/DepthOnlyPixelShader.usf" 310
"C:/Program Files/Epic Games/4.8/Engine/Binaries/Win64/../../../Engine/Shaders/DepthOnlyVertexShader.usf" 311
"C:/Program Files/Epic Games/4.8/Engine/Binaries/Win64/../../../Engine/Shaders/PositionOnlyDepthVertexShader.usf" 312
"C:/Program Files/Epic Games/4.8/Engine/Binaries/Win64/../../../Engine/Shaders/DownsampleDepthPixelShader.usf" 313
"C:/Program Files/Epic Games/4.8/Engine/Binaries/Win64/../../../Engine/Shaders/EvaluateSurfelMaterial.usf" 314
"C:/Program Files/Epic Games/4.8/Engine/Binaries/Win64/../../../Engine/Shaders/ConvertToUniformMesh.usf" 315
"C:/Program Files/Epic Games/4.8/Engine/Binaries/Win64/../../../Engine/Shaders/BasePassPixelShader.usf" 316
"C:/Program Files/Epic Games/4.8/Engine/Binaries/Win64/../../../Engine/Shaders/BasePassCommon.usf" 317
"C:/Program Files/Epic Games/4.8/Engine/Binaries/Win64/../../../Engine/Shaders/ForEachLight.usf" 318
"C:/Program Files/Epic Games/4.8/Engine/Binaries/Win64/../../../Engine/Shaders/BasePassVertexShader.usf" 319
"C:/Program Files/Epic Games/4.8/Engine/Binaries/Win64/../../../Engine/Shaders/BasePassVertexCommon.usf" 320
"C:/Program Files/Epic Games/4.8/Engine/Binaries/Win64/../../../Engine/Shaders/BasePassTessellationShaders.usf" 321
"C:/Program Files/Epic Games/4.8/Engine/Binaries/Win64/../../../Engine/Shaders/AtmospherePrecompute.usf" 322
"C:/Program Files/Epic Games/4.8/Engine/Binaries/Win64/../../../Engine/Shaders/AtmospherePrecomputeCommon.usf" 323
"C:/Program Files/Epic Games/4.8/Engine/Binaries/Win64/../../../Engine/Shaders/AtmospherePrecomputeInscatter.usf" 324
"C:/Program Files/Epic Games/4.8/Engine/Binaries/Win64/../../../Engine/Shaders/AtmosphericFogShader.usf" 325
"C:/Program Files/Epic Games/4.8/Engine/Binaries/Win64/../../../Engine/Shaders/ResolveVertexShader.usf" 326
"C:/Program Files/Epic Games/4.8/Engine/Binaries/Win64/../../../Engine/Shaders/ResolvePixelShader.usf" 327
"C:/Program Files/Epic Games/4.8/Engine/Binaries/Win64/../../../Engine/Shaders/OneColorShader.usf" 328
"C:/Program Files/Epic Games/4.8/Engine/Binaries/Win64/../../../Engine/Shaders/ClearReplacementShaders.usf" 329
"C:/Program Files/Epic Games/4.8/Engine/Binaries/Win64/../../../Engine/Shaders/SimpleElementTexture2DPreviewPixelShader.usf" 330
"C:/Program Files/Epic Games/4.8/Engine/Binaries/Win64/../../../Engine/Shaders/SimpleElementNormalMapPixelShader.usf" 331
"C:/Program Files/Epic Games/4.8/Engine/Binaries/Win64/../../../Engine/Shaders/meshpaintdilatepixelshader.usf" 332
"C:/Program Files/Epic Games/4.8/Engine/Binaries/Win64/../../../Engine/Shaders/meshpaintdilatevertexshader.usf" 333
"C:/Program Files/Epic Games/4.8/Engine/Binaries/Win64/../../../Engine/Shaders/MeshPaintPixelShader.usf" 334
"C:/Program Files/Epic Games/4.8/Engine/Binaries/Win64/../../../Engine/Shaders/MeshPaintVertexShader.usf" 335
"../../../Engine/Config/Android/AndroidEngine.ini" 336
"../../../Engine/Config/HTML5/HTML5Engine.ini" 337
"../../../Engine/Config/IOS/IOSEngine.ini" 338
"../../../Engine/Config/Linux/LinuxEngine.ini" 339
"C:/Users/fgarc/AppData/Local/UnrealEngine/4.8/DerivedDataCache/Boot.ddc" 340
"../../../Engine/DerivedDataCache/Compressed.ddp" 341
"../../../Engine/Content/EngineFonts/Roboto.uasset" 342
"../../../Engine/Content/EngineMaterials/Widget3DPassThrough_Translucent.uasset" 343
"../../../Engine/Content/EngineMaterials/Widget3DPassThrough.uasset" 344
"../../../Engine/Content/EngineResources/WhiteSquareTexture.uasset" 345
"../../../Engine/Content/Functions/Engine_MaterialFunctions01/Shading/PowerToRoughness.uasset" 346
"../../../Engine/Content/Functions/Engine_MaterialFunctions01/Shading/ConvertFromDiffSpec.uasset" 347
"../../../Engine/Content/EngineMaterials/WorldGridMaterial.uasset" 348
"../../../Engine/Content/Functions/Engine_MaterialFunctions01/Opacity/CameraDepthFade.uasset" 349
"../../../Engine/Content/EngineMaterials/T_Default_Material_Grid_M.uasset" 350
"../../../Engine/Content/EngineMaterials/T_Default_Material_Grid_N.uasset" 351
"../../../Engine/Content/EngineMaterials/DefaultDeferredDecalMaterial.uasset" 352
"../../../Engine/Content/EngineMaterials/DefaultDiffuse.uasset" 353
"../../../Engine/Content/EngineMaterials/DefaultLightFunctionMaterial.uasset" 354
"../../../Engine/Content/EngineMaterials/DefaultPostProcessMaterial.uasset" 355
"../../../Engine/Content/Functions/Engine_MaterialFunctions02/Utility/BreakOutFloat2Components.uasset" 356
"../../../Engine/Content/EngineResources/DefaultTexture.uasset" 357
"../../../Engine/Content/EngineMaterials/Widget3DPassThrough_Translucent_OneSided.uasset" 358
"../../../Engine/Content/EngineMaterials/Widget3DPassThrough_Opaque.uasset" 359
"../../../Engine/Content/EngineMaterials/Widget3DPassThrough_Opaque_OneSided.uasset" 360
"../../../Engine/Content/EditorResources/S_Actor.uasset" 361
"../../../Engine/Content/Maps/Templates/Thumbnails/Default.uasset" 362
"../../../Engine/Content/EditorMaterials/ParticleSystems/PSysThumbnail_NoImage.uasset" 363
"../../../Engine/Content/EditorMaterials/ParticleSystems/PSysThumbnail_OOD.uasset" 364
"../../../Engine/Content/EditorLandscapeResources/DataLayer.uasset" 365
"../../../Engine/Content/EngineDamageTypes/DmgTypeBP_Environmental.uasset" 366
"..\..\..\Engine\Content\Internationalization\icudt53l\numberingSystems.res" 367
"..\..\..\Engine\Content\Internationalization\icudt53l\curr\supplementalData.res" 368
"..\..\..\Engine\Content\Internationalization\icudt53l\curr\pool.res" 369
"..\..\..\Engine\Content\Internationalization\icudt53l\curr\es.res" 370
"..\..\..\Engine\Content\Internationalization\icudt53l\curr\root.res" 371
"../../../Engine/Content/EngineMeshes/Sphere.uasset" 372
"../../../Engine/Content/EngineFonts/RobotoDistanceField.uasset" 373
"../../../Engine/Content/EngineMaterials/DefaultTextMaterialOpaque.uasset" 374
"../../../Engine/Content/EditorResources/S_Trigger.uasset" 375
"../../../Engine/Content/EngineResources/GradientTexture0.uasset" 376
"../../../Engine/Content/EngineResources/Black.uasset" 377
"../../../Engine/Content/EditorMaterials/MatineeGroups/MAT_Groups_Float.uasset" 378
"../../../Engine/Content/EditorMaterials/MatineeGroups/MAT_Groups_Director.uasset" 379
"../../../Engine/Content/EditorMaterials/MatineeGroups/MAT_Groups_Event.uasset" 380
"../../../Engine/Content/EditorMaterials/MatineeGroups/MAT_Groups_Anim.uasset" 381
"../../../Engine/Content/EditorMaterials/MatineeGroups/MAT_Groups_Fade.uasset" 382
"../../../Engine/Content/EditorMaterials/MatineeGroups/MAT_Groups_Move.uasset" 383
"../../../Engine/Content/EditorMaterials/MatineeGroups/MAT_Groups_Slomo.uasset" 384
"../../../Engine/Content/EditorMaterials/MatineeGroups/MAT_ColorTrack.uasset" 385
"../../../Engine/Content/EditorMaterials/MAT_Groups_Toggle.uasset" 386
"../../../Engine/Content/EditorMaterials/MatineeGroups/MAT_Groups_AudioMaster.uasset" 387
"../../../Engine/Content/EditorMaterials/MatineeGroups/MAT_Groups_Sound.uasset" 388
"../../../Engine/Content/EditorMaterials/MatineeGroups/MAT_Groups_Vector.uasset" 389
"../../../Engine/Content/EditorMaterials/MAT_Groups_Visibility.uasset" 390
"../../../Engine/Content/EngineResources/DefaultTextureCube.uasset" 391
"../../../Engine/Content/EngineSounds/Master.uasset" 392
"../../../Engine/Content/EngineSounds/Music.uasset" 393
"../../../Engine/Content/EngineSounds/SFX.uasset" 394
"../../../Engine/Content/EngineSounds/Normal_Attack.uasset" 395
"../../../Engine/Content/EngineSounds/Special_Attack_PSM.uasset" 396
"../../../Engine/Content/EngineSounds/Duck_Normal_Attack_MixMod.uasset" 397
"../../../Engine/Content/EngineSounds/Voice.uasset" 398
"../../../Engine/Content/EngineMeshes/Cylinder.uasset" 399
"../../../Engine/Content/EngineMaterials/DefaultMaterial.uasset" 400
"../../../Engine/Content/EngineTireTypes/DefaultTireType.uasset" 401
"../../../Engine/Content/Editor/Slate/Fonts/FontAwesome.ttf" 402
"../../../Engine/Content/Editor/Slate/Fonts/DroidSansMono.ttf" 403
"../../../Engine/Content/Editor/Slate/Fonts/Roboto-BoldCondensed.ttf" 404
"../../../Engine/Content/Editor/Slate/Fonts/Roboto-Black.ttf" 405
"../../../Engine/Content/Editor/Slate/Fonts/Roboto-Italic.ttf" 406
"../../../Engine/Content/Editor/Slate/Fonts/Roboto-BoldCondensedItalic.ttf" 407
"..\..\..\Engine\Content\Internationalization\icudt53l\coll\ucadata.icu" 408
"..\..\..\Engine\Content\Internationalization\icudt53l\nfc.nrm" 409
"..\..\..\Engine\Content\Internationalization\icudt53l\coll\es.res" 410
"..\..\..\Engine\Content\Internationalization\icudt53l\coll\root.res" 411
"../../../Engine/Content/EngineResources/AICON-Red.uasset" 412
"../../../Engine/Content/EngineResources/AICON-Green.uasset" 413
"../../../Engine/Plugins/2D/Paper2D/Content/MaskedUnlitSpriteMaterial.uasset" 414
"../../../Engine/Plugins/2D/Paper2D/Content/DefaultSpriteMaterial.uasset" 415
"../../../Engine/Plugins/2D/Paper2D/Content/DummySpriteTexture.uasset" 416
"../../../Engine/Plugins/2D/Paper2D/Content/PlaceholderTextures/DummySpriteTexture.uasset" 417
"../../../Engine/Plugins/2D/Paper2D/Content/OpaqueUnlitSpriteMaterial.uasset" 418
"../../../Engine/Plugins/2D/Paper2D/Content/DefaultPaperTerrainMaterial.uasset" 419
"../../../Engine/Plugins/2D/Paper2D/Content/DummySprite.uasset" 420
"../../../../../../Users/fgarc/Documents/GitHub/ddsimulator/Content/Meshes/Basic/Sphere.uasset" 421
"../../../../../../Users/fgarc/Documents/GitHub/ddsimulator/Content/Meshes/Basic/BasicTile.uasset" 422
"../../../../../../Users/fgarc/Documents/GitHub/ddsimulator/Content/Meshes/Basic/phong1.uasset" 423
"C:/Users/fgarc/AppData/Local/UnrealEngine/Common/DerivedDataCache/9/4/8/MATSM_983AFA3849534FAA8491540B994BD32E_PCD3D_SM5_2__BC5N_DEV_SL_NODBUFB9568470__70C828D6DEB9B4A4B1067B643E35982FAB2A10D6.udd" 424
"../../../../../../Users/fgarc/Documents/GitHub/ddsimulator/Content/Materials/M_Transparent.uasset" 425
"C:/Users/fgarc/AppData/Local/UnrealEngine/Common/DerivedDataCache/4/4/4/MATSM_983AFA3849534FAA8491540B994BD32E_PCD3D_SM5_2__BC5N_DEV_SL_NODBUFD0A3E5C5__D45CD8E837B478D9B909799CEEC11684E80D0E1B.udd" 426
"../../../../../../Users/fgarc/Documents/GitHub/ddsimulator/Content/TopDown/Blueprints/TopDownCharacter.uasset" 427
"../../../../../../Users/fgarc/Documents/GitHub/ddsimulator/Content/TopDown/Animations/TopDown_AnimBP.uasset" 428
"../../../../../../Users/fgarc/Documents/GitHub/ddsimulator/Content/TopDown/Animations/TopDown_IdleRun_2D.uasset" 429
"../../../../../../Users/fgarc/Documents/GitHub/ddsimulator/Content/TopDown/Animations/TopDown_Idle.uasset" 430
"../../../../../../Users/fgarc/Documents/GitHub/ddsimulator/Content/TopDown/Character/Mesh/UE4_Mannequin_Skeleton.uasset" 431
"../../../../../../Users/fgarc/Documents/GitHub/ddsimulator/Content/TopDown/Animations/TopDown_Run.uasset" 432
"../../../../../../Users/fgarc/Documents/GitHub/ddsimulator/Content/TopDown/Animations/TopDown_walk.uasset" 433
"../../../Engine/Content/EditorBlueprintResources/StandardMacros.uasset" 434
"../../../../../../Users/fgarc/Documents/GitHub/ddsimulator/Content/TopDown/Character/Mesh/SK_Mannequin.uasset" 435
"../../../../../../Users/fgarc/Documents/GitHub/ddsimulator/Content/TopDown/Character/Materials/M_UE4Man_Body.uasset" 436
"../../../Engine/Content/Functions/Engine_MaterialFunctions02/Utility/BlendAngleCorrectedNormals.uasset" 437
"../../../Engine/Content/Functions/MaterialLayerFunctions/MatLayerBlend_AO.uasset" 438
"../../../Engine/Content/Functions/MaterialLayerFunctions/MatLayerBlend_NormalBlend.uasset" 439
"../../../Engine/Content/Functions/MaterialLayerFunctions/MatLayerBlend_Simple.uasset" 440
"../../../../../../Users/fgarc/Documents/GitHub/ddsimulator/Content/TopDown/Character/Materials/MaterialLayers/ML_GlossyBlack_Latex_UE4.uasset" 441
"../../../../../../Users/fgarc/Documents/GitHub/ddsimulator/Content/TopDown/Character/Materials/MaterialLayers/T_ML_Rubber_Blue_01_D.uasset" 442
"../../../../../../Users/fgarc/Documents/GitHub/ddsimulator/Content/TopDown/Character/Materials/MaterialLayers/T_ML_Rubber_Blue_01_N.uasset" 443
"../../../../../../Users/fgarc/Documents/GitHub/ddsimulator/Content/TopDown/Character/Materials/MaterialLayers/ML_Plastic_Shiny_Beige.uasset" 444
"../../../../../../Users/fgarc/Documents/GitHub/ddsimulator/Content/TopDown/Character/Materials/MaterialLayers/ML_Plastic_Shiny_Beige_LOGO.uasset" 445
"../../../../../../Users/fgarc/Documents/GitHub/ddsimulator/Content/TopDown/Character/Textures/UE4_LOGO_CARD.uasset" 446
"../../../../../../Users/fgarc/Documents/GitHub/ddsimulator/Content/TopDown/Character/Materials/MaterialLayers/ML_SoftMetal_UE4.uasset" 447
"../../../../../../Users/fgarc/Documents/GitHub/ddsimulator/Content/TopDown/Character/Materials/MaterialLayers/T_ML_Aluminum01.uasset" 448
"../../../../../../Users/fgarc/Documents/GitHub/ddsimulator/Content/TopDown/Character/Materials/MaterialLayers/T_ML_Aluminum01_N.uasset" 449
"../../../../../../Users/fgarc/Documents/GitHub/ddsimulator/Content/TopDown/Character/Textures/UE4_Mannequin__normals.uasset" 450
"../../../../../../Users/fgarc/Documents/GitHub/ddsimulator/Content/TopDown/Character/Textures/UE4_Mannequin_MAT_MASKA.uasset" 451
"../../../../../../Users/fgarc/Documents/GitHub/ddsimulator/Content/TopDown/Character/Textures/UE4_Mannequin_occlusion_Mobile.uasset" 452
"../../../../../../Users/fgarc/Documents/GitHub/ddsimulator/Content/TopDown/Character/Materials/M_UE4Man_ChestLogo.uasset" 453
"../../../../../../Users/fgarc/Documents/GitHub/ddsimulator/Content/TopDown/Character/Textures/UE4Man_Logo_N.uasset" 454
"../../../../../../Users/fgarc/Documents/GitHub/ddsimulator/Content/TopDown/Character/Mesh/SK_Mannequin_PhysicsAsset.uasset" 455
"C:/Users/fgarc/AppData/Local/UnrealEngine/Common/DerivedDataCache/8/6/5/MATSM_983AFA3849534FAA8491540B994BD32E_PCD3D_SM5_2__BC5N_DEV_SL_NODBUF5C35F511__30820435C4AEF0078E4BA8587A7E00E3450B438F.udd" 456
"C:/Users/fgarc/AppData/Local/UnrealEngine/Common/DerivedDataCache/7/1/2/MATSM_983AFA3849534FAA8491540B994BD32E_PCD3D_SM5_2__BC5N_DEV_SL_NODBUF5C35F511__150C419D89C4D7734EEC8CC347477D3BAFE29601.udd" 457
"C:/Users/fgarc/AppData/Local/UnrealEngine/4.8/Saved/Config/Windows/SourceControlSettings.ini" 458
"../../../../../../Users/fgarc/Documents/GitHub/ddsimulator/Intermediate/Config/CoalescedSourceConfigs/SourceControlSettings.ini" 459
"C:/Users/fgarc/Documents/GitHub/ddsimulator/Saved/Config/Windows/SourceControlSettings.ini" 460
"../../../Engine/Plugins/Runtime/LeapMotionController/Content/LM_CapsuleMesh.uasset" 461
"../../../Engine/Plugins/Runtime/LeapMotionController/Content/LM_TorusMesh.uasset" 462
"../../../Engine/Plugins/Runtime/LeapMotionController/Content/LM_HandColor.uasset" 463
"../../../Engine/Content/EngineMaterials/RemoveSurfaceMaterial.uasset" 464
"../../../Engine/Content/EngineDebugMaterials/DebugMeshMaterial.uasset" 465
"../../../Engine/Content/EngineMaterials/M_InvalidLightmapSettings.uasset" 466
"../../../Engine/Content/EngineMaterials/InvalidLightmapSettings.uasset" 467
"../../../Engine/Content/EditorMaterials/GizmoMaterial.uasset" 468
"../../../Engine/Content/EngineMaterials/Good64x64TilingNoiseHighFreq.uasset" 469
"../../../Engine/Content/EngineMaterials/DefaultBokeh.uasset" 470
"../../../Engine/Content/EngineMaterials/PreintegratedSkinBRDF.uasset" 471
"../../../Engine/Content/EngineMaterials/MiniFont.uasset" 472
"../../../Engine/Content/EngineMaterials/WeightMapPlaceholderTexture.uasset" 473
"../../../Engine/Content/EngineMaterials/DefaultWhiteGrid.uasset" 474
"../../../Engine/Content/EngineMaterials/DefaultPhysicalMaterial.uasset" 475
"../../../Engine/Content/EngineFonts/RobotoTiny.uasset" 476
"../../../../../../Users/fgarc/Documents/GitHub/ddsimulator/Intermediate/CachedAssetRegistry.bin" 477
"../../../../../../Users/fgarc/Documents/GitHub/ddsimulator/Content/Blueprints/Map/BP_Map.uasset" 478
"../../../../../../Users/fgarc/Documents/GitHub/ddsimulator/Content/Blueprints/Player/BP_MapPlayerPawn.uasset" 479
"../../../../../../Users/fgarc/Documents/GitHub/ddsimulator/Content/StarterContent/Architecture/Floor_400x400.uasset" 480
"C:/Users/fgarc/Documents/GitHub/ddsimulator/Intermediate/Shaders/WorkingDirectory/3140/1/WorkerOutputOnly.out" 481
"C:/Users/fgarc/Documents/GitHub/ddsimulator/Intermediate/Shaders/WorkingDirectory/3140/0/WorkerOutputOnly.out" 482
"../../../Engine/Content/MobileResources/HUD/VirtualJoystick_Thumb.uasset" 483
"../../../Engine/Content/EditorResources/BSPVertex.uasset" 484
"../../../Engine/Content/EngineDebugMaterials/WireframeMaterial.uasset" 485
"../../../Engine/Content/EngineDebugMaterials/GeomMaterial.uasset" 486
"../../../Engine/Content/EngineDebugMaterials/LevelColorationLitMaterial.uasset" 487
"../../../Engine/Content/EngineDebugMaterials/LevelColorationUnlitMaterial.uasset" 488
"../../../Engine/Content/EngineDebugMaterials/MAT_LevelColorationLitLightmapUV.uasset" 489
"../../../Engine/Content/EngineDebugMaterials/ShadedLevelColorationLitMaterial.uasset" 490
"../../../Engine/Content/EngineDebugMaterials/ShadedLevelColorationUnlitMateri.uasset" 491
"../../../Engine/Content/EngineDebugMaterials/VertexColorMaterial.uasset" 492
"../../../Engine/Content/EngineDebugMaterials/VertexColorViewMode_ColorOnly.uasset" 493
"../../../Engine/Content/EngineDebugMaterials/VertexColorViewMode_AlphaAsColor.uasset" 494
"../../../Engine/Content/EngineDebugMaterials/VertexColorViewMode_RedOnly.uasset" 495
"../../../Engine/Content/EngineDebugMaterials/VertexColorViewMode_GreenOnly.uasset" 496
"../../../Engine/Content/EngineDebugMaterials/VertexColorViewMode_BlueOnly.uasset" 497
"../../../Engine/Content/EngineDebugMaterials/BoneWeightMaterial.uasset" 498
"../../../Engine/Content/EngineDebugMaterials/HeatmapGradient.uasset" 499
"../../../Engine/Content/EditorMaterials/PhAT_JointLimitMaterial.uasset" 500
"../../../Engine/Content/EditorMaterials/PreviewShadowIndicatorMaterial.uasset" 501
"../../../Engine/Content/EditorMaterials/PreviewShadowIndicator.uasset" 502
"../../../Engine/Content/EngineMaterials/EditorBrushMaterial.uasset" 503
"../../../Engine/Content/MobileResources/HUD/DefaultVirtualJoysticks.uasset" 504
"../../../Engine/Content/MobileResources/HUD/VirtualJoystick_Background.uasset" 505
"../../../Engine/Content/MobileResources/HUD/MobileHUDDirectionStick.uasset" 506
"../../../../../../Users/fgarc/Documents/GitHub/ddsimulator/Content/TopDownBP/Character/Textures/UE4Man_Logo_N.uasset" 507
"../../../../../../Users/fgarc/Documents/GitHub/ddsimulator/Content/TopDownBP/Character/Materials/M_UE4Man_ChestLogo.uasset" 508
"../../../../../../Users/fgarc/Documents/GitHub/ddsimulator/Content/TopDownBP/Character/Materials/M_UE4Man_Body.uasset" 509
"../../../../../../Users/fgarc/Documents/GitHub/ddsimulator/Content/TopDownBP/Character/Materials/MaterialLayers/ML_GlossyBlack_Latex_UE4.uasset" 510
"../../../../../../Users/fgarc/Documents/GitHub/ddsimulator/Content/TopDownBP/Character/Materials/MaterialLayers/T_ML_Rubber_Blue_01_D.uasset" 511
"../../../../../../Users/fgarc/Documents/GitHub/ddsimulator/Content/TopDownBP/Character/Materials/MaterialLayers/T_ML_Rubber_Blue_01_N.uasset" 512
"../../../../../../Users/fgarc/Documents/GitHub/ddsimulator/Content/TopDownBP/Character/Materials/MaterialLayers/ML_Plastic_Shiny_Beige.uasset" 513
"../../../../../../Users/fgarc/Documents/GitHub/ddsimulator/Content/TopDownBP/Character/Materials/MaterialLayers/ML_Plastic_Shiny_Beige_LOGO.uasset" 514
"../../../../../../Users/fgarc/Documents/GitHub/ddsimulator/Content/TopDownBP/Character/Textures/UE4_LOGO_CARD.uasset" 515
"../../../../../../Users/fgarc/Documents/GitHub/ddsimulator/Content/TopDownBP/Character/Materials/MaterialLayers/ML_SoftMetal_UE4.uasset" 516
"../../../../../../Users/fgarc/Documents/GitHub/ddsimulator/Content/TopDownBP/Character/Materials/MaterialLayers/T_ML_Aluminum01.uasset" 517
"../../../../../../Users/fgarc/Documents/GitHub/ddsimulator/Content/TopDownBP/Character/Materials/MaterialLayers/T_ML_Aluminum01_N.uasset" 518
"../../../../../../Users/fgarc/Documents/GitHub/ddsimulator/Content/TopDownBP/Character/Textures/UE4_Mannequin__normals.uasset" 519
"../../../../../../Users/fgarc/Documents/GitHub/ddsimulator/Content/TopDownBP/Character/Textures/UE4_Mannequin_MAT_MASKA.uasset" 520
"../../../../../../Users/fgarc/Documents/GitHub/ddsimulator/Content/TopDownBP/Character/Textures/UE4_Mannequin_occlusion_Mobile.uasset" 521
"../../../../../../Users/fgarc/Documents/GitHub/ddsimulator/Content/TopDownBP/Character/TopDownSkeletalMesh.uasset" 522
"../../../../../../Users/fgarc/Documents/GitHub/ddsimulator/Content/TopDownBP/Character/TopDownIdleRun.uasset" 523
"../../../../../../Users/fgarc/Documents/GitHub/ddsimulator/Content/TopDownBP/Blueprints/TopDownGameMode.uasset" 524
"../../../../../../Users/fgarc/Documents/GitHub/ddsimulator/Content/TopDownBP/Blueprints/TopDownCharacter.uasset" 525
"../../../../../../Users/fgarc/Documents/GitHub/ddsimulator/Content/TopDownBP/Animations/TopDown_AnimBP.uasset" 526
"../../../../../../Users/fgarc/Documents/GitHub/ddsimulator/Content/TopDownBP/Animations/TopDown_IdleRun_2D.uasset" 527
"../../../../../../Users/fgarc/Documents/GitHub/ddsimulator/Content/TopDownBP/Animations/TopDown_Idle.uasset" 528
"../../../../../../Users/fgarc/Documents/GitHub/ddsimulator/Content/TopDownBP/Character/Mesh/UE4_Mannequin_Skeleton.uasset" 529
"../../../../../../Users/fgarc/Documents/GitHub/ddsimulator/Content/TopDownBP/Animations/TopDown_Run.uasset" 530
"../../../../../../Users/fgarc/Documents/GitHub/ddsimulator/Content/TopDownBP/Animations/TopDown_Walk.uasset" 531
"../../../../../../Users/fgarc/Documents/GitHub/ddsimulator/Content/TopDownBP/Character/Mesh/SK_Mannequin.uasset" 532
"../../../../../../Users/fgarc/Documents/GitHub/ddsimulator/Content/TopDownBP/Character/Mesh/SK_Mannequin_PhysicsAsset.uasset" 533
"../../../../../../Users/fgarc/Documents/GitHub/ddsimulator/Content/TopDownBP/Blueprints/TopDownController.uasset" 534
"../../../../../../Users/fgarc/Documents/GitHub/ddsimulator/Content/TopDown/Meshes/CubeMesh.uasset" 535
"../../../../../../Users/fgarc/Documents/GitHub/ddsimulator/Content/TopDown/Meshes/CubeMaterial.uasset" 536
"C:/Users/fgarc/Documents/GitHub/ddsimulator/Intermediate/Shaders/WorkingDirectory/3140/2/WorkerOutputOnly.out" 537
"../../../../../../Users/fgarc/Documents/GitHub/ddsimulator/Content/StarterContent/Blueprints/Assets/SM_Arrows.uasset" 538
"../../../../../../Users/fgarc/Documents/GitHub/ddsimulator/Content/StarterContent/Blueprints/Assets/Skybox.uasset" 539
"../../../Engine/Content/EditorMaterials/Thumbnails/SkySphereMaterial.uasset" 540
"../../../../../../Users/fgarc/Documents/GitHub/ddsimulator/Content/StarterContent/Blueprints/Assets/M_LightStage_Skybox_Master.uasset" 541
"../../../Engine/Content/MapTemplates/Sky/DaylightAmbientCubemap.uasset" 542
"../../../../../../Users/fgarc/Documents/GitHub/ddsimulator/Content/StarterContent/Blueprints/Assets/M_LightStage_Skybox_HDRI.uasset" 543
"../../../../../../Users/fgarc/Documents/GitHub/ddsimulator/Content/StarterContent/Blueprints/Assets/M_LightStage_Skybox_Black.uasset" 544
"../../../../../../Users/fgarc/Documents/GitHub/ddsimulator/Content/StarterContent/Blueprints/Assets/M_LightStage_Arrows.uasset" 545
"../../../../../../Users/fgarc/Documents/GitHub/ddsimulator/Content/StarterContent/Blueprints/Assets/FogBrightnessLUT.uasset" 546
"../../../../../../Users/fgarc/Documents/GitHub/ddsimulator/Content/StarterContent/Blueprints/BP_LightStudio.uasset" 547
"../../../../../../Users/fgarc/Documents/GitHub/ddsimulator/Content/StarterContent/Blueprints/Assets/SunlightColorLUT.uasset" 548
"../../../../../../Users/fgarc/Documents/GitHub/ddsimulator/Content/StarterContent/HDRI/HDRI_Epic_Courtyard_Daylight.uasset" 549
"../../../../../../Users/fgarc/Documents/GitHub/ddsimulator/Content/StarterContent/Blueprints/Blueprint_WallSconce.uasset" 550
"../../../../../../Users/fgarc/Documents/GitHub/ddsimulator/Content/StarterContent/Props/SM_Lamp_Wall.uasset" 551
"../../../../../../Users/fgarc/Documents/GitHub/ddsimulator/Content/StarterContent/Props/Materials/M_Lamp.uasset" 552
"../../../../../../Users/fgarc/Documents/GitHub/ddsimulator/Content/StarterContent/Textures/T_Lamp_M.uasset" 553
"../../../../../../Users/fgarc/Documents/GitHub/ddsimulator/Content/StarterContent/Textures/T_Lamp_N.uasset" 554
"../../../../../../Users/fgarc/Documents/GitHub/ddsimulator/Content/StarterContent/Blueprints/Blueprint_Effect_Steam.uasset" 555
"../../../../../../Users/fgarc/Documents/GitHub/ddsimulator/Content/StarterContent/Audio/Steam01_Cue.uasset" 556
"../../../../../../Users/fgarc/Documents/GitHub/ddsimulator/Content/StarterContent/Audio/Steam01.uasset" 557
"../../../../../../Users/fgarc/Documents/GitHub/ddsimulator/Content/StarterContent/Particles/P_Steam_Lit.uasset" 558
"../../../../../../Users/fgarc/Documents/GitHub/ddsimulator/Content/StarterContent/Particles/Materials/M_smoke_subUV.uasset" 559
"../../../../../../Users/fgarc/Documents/GitHub/ddsimulator/Content/StarterContent/Textures/T_Smoke_SubUV.uasset" 560
"../../../../../../Users/fgarc/Documents/GitHub/ddsimulator/Content/StarterContent/Textures/T_Smoke_Tiled_D.uasset" 561
"../../../../../../Users/fgarc/Documents/GitHub/ddsimulator/Content/StarterContent/Blueprints/Blueprint_Effect_Sparks.uasset" 562
"../../../../../../Users/fgarc/Documents/GitHub/ddsimulator/Content/StarterContent/Audio/Fire_Sparks01_Cue.uasset" 563
"../../../../../../Users/fgarc/Documents/GitHub/ddsimulator/Content/StarterContent/Audio/Fire_Sparks01.uasset" 564
"../../../../../../Users/fgarc/Documents/GitHub/ddsimulator/Content/StarterContent/Particles/P_Sparks.uasset" 565
"../../../../../../Users/fgarc/Documents/GitHub/ddsimulator/Content/StarterContent/Particles/Materials/M_Radial_Gradient.uasset" 566
"../../../Engine/Content/Functions/Engine_MaterialFunctions01/Gradient/RadialGradient.uasset" 567
"../../../../../../Users/fgarc/Documents/GitHub/ddsimulator/Content/StarterContent/Particles/Materials/M_Spark.uasset" 568
"../../../../../../Users/fgarc/Documents/GitHub/ddsimulator/Content/StarterContent/Textures/T_Spark_Core.uasset" 569
"../../../../../../Users/fgarc/Documents/GitHub/ddsimulator/Content/StarterContent/Blueprints/Blueprint_Effect_Smoke.uasset" 570
"../../../../../../Users/fgarc/Documents/GitHub/ddsimulator/Content/StarterContent/Audio/Smoke01_Cue.uasset" 571
"../../../../../../Users/fgarc/Documents/GitHub/ddsimulator/Content/StarterContent/Audio/Smoke01.uasset" 572
"../../../../../../Users/fgarc/Documents/GitHub/ddsimulator/Content/StarterContent/Particles/P_Smoke.uasset" 573
"../../../../../../Users/fgarc/Documents/GitHub/ddsimulator/Content/StarterContent/Blueprints/Blueprint_Effect_Fire.uasset" 574
"../../../../../../Users/fgarc/Documents/GitHub/ddsimulator/Content/StarterContent/Audio/Fire01_Cue.uasset" 575
"../../../../../../Users/fgarc/Documents/GitHub/ddsimulator/Content/StarterContent/Audio/Fire01.uasset" 576
"../../../../../../Users/fgarc/Documents/GitHub/ddsimulator/Content/StarterContent/Particles/P_Fire.uasset" 577
"../../../../../../Users/fgarc/Documents/GitHub/ddsimulator/Content/StarterContent/Particles/Materials/M_Fire_SubUV.uasset" 578
"../../../../../../Users/fgarc/Documents/GitHub/ddsimulator/Content/StarterContent/Textures/T_Fire_SubUV.uasset" 579
"../../../../../../Users/fgarc/Documents/GitHub/ddsimulator/Content/StarterContent/Textures/T_Fire_Tiled_D.uasset" 580
"../../../../../../Users/fgarc/Documents/GitHub/ddsimulator/Content/StarterContent/Particles/Materials/M_Heat_Distortion.uasset" 581
"../../../../../../Users/fgarc/Documents/GitHub/ddsimulator/Content/StarterContent/Textures/T_Water_N.uasset" 582
"../../../../../../Users/fgarc/Documents/GitHub/ddsimulator/Content/StarterContent/Blueprints/Blueprint_Effect_Explosion.uasset" 583
"../../../../../../Users/fgarc/Documents/GitHub/ddsimulator/Content/StarterContent/Audio/Explosion_Cue.uasset" 584
"../../../../../../Users/fgarc/Documents/GitHub/ddsimulator/Content/StarterContent/Audio/Explosion01.uasset" 585
"../../../../../../Users/fgarc/Documents/GitHub/ddsimulator/Content/StarterContent/Audio/Explosion02.uasset" 586
"../../../../../../Users/fgarc/Documents/GitHub/ddsimulator/Content/StarterContent/Particles/P_Explosion.uasset" 587
"../../../../../../Users/fgarc/Documents/GitHub/ddsimulator/Content/StarterContent/Particles/Materials/M_Burst.uasset" 588
"../../../../../../Users/fgarc/Documents/GitHub/ddsimulator/Content/StarterContent/Textures/T_Burst_M.uasset" 589
"../../../../../../Users/fgarc/Documents/GitHub/ddsimulator/Content/StarterContent/Particles/Materials/M_explosion_subUV.uasset" 590
"../../../../../../Users/fgarc/Documents/GitHub/ddsimulator/Content/StarterContent/Textures/T_Explosion_SubUV.uasset" 591
"../../../../../../Users/fgarc/Documents/GitHub/ddsimulator/Content/StarterContent/Particles/Materials/m_flare_01.uasset" 592
"../../../../../../Users/fgarc/Documents/GitHub/ddsimulator/Content/StarterContent/Particles/Materials/M_radial_ramp.uasset" 593
"../../../../../../Users/fgarc/Documents/GitHub/ddsimulator/Content/StarterContent/Blueprints/Blueprint_CeilingLight.uasset" 594
"../../../../../../Users/fgarc/Documents/GitHub/ddsimulator/Content/StarterContent/Props/SM_Lamp_Ceiling.uasset" 595
"../../../../../../Users/fgarc/Documents/GitHub/ddsimulator/Content/StarterContent/Audio/Starter_Wind06.uasset" 596
"../../../../../../Users/fgarc/Documents/GitHub/ddsimulator/Content/StarterContent/Audio/Starter_Wind05.uasset" 597
"../../../../../../Users/fgarc/Documents/GitHub/ddsimulator/Content/StarterContent/Audio/Starter_Music_Cue.uasset" 598
"../../../../../../Users/fgarc/Documents/GitHub/ddsimulator/Content/StarterContent/Audio/Starter_Music01.uasset" 599
"../../../../../../Users/fgarc/Documents/GitHub/ddsimulator/Content/StarterContent/Audio/Starter_Birds01.uasset" 600
"../../../../../../Users/fgarc/Documents/GitHub/ddsimulator/Content/StarterContent/Audio/Starter_Background_Cue.uasset" 601
"../../../../../../Users/fgarc/Documents/GitHub/ddsimulator/Content/StarterContent/Audio/Light02_Cue.uasset" 602
"../../../../../../Users/fgarc/Documents/GitHub/ddsimulator/Content/StarterContent/Audio/Light02.uasset" 603
"../../../../../../Users/fgarc/Documents/GitHub/ddsimulator/Content/StarterContent/Audio/Light01_Cue.uasset" 604
"../../../../../../Users/fgarc/Documents/GitHub/ddsimulator/Content/StarterContent/Audio/Light01.uasset" 605
"../../../../../../Users/fgarc/Documents/GitHub/ddsimulator/Content/StarterContent/Audio/Collapse_Cue.uasset" 606
"../../../../../../Users/fgarc/Documents/GitHub/ddsimulator/Content/StarterContent/Audio/Collapse01.uasset" 607
"../../../../../../Users/fgarc/Documents/GitHub/ddsimulator/Content/StarterContent/Audio/Collapse02.uasset" 608
"../../../../../../Users/fgarc/Documents/GitHub/ddsimulator/Content/StarterContent/Architecture/Wall_Window_400x400.uasset" 609
"../../../../../../Users/fgarc/Documents/GitHub/ddsimulator/Content/StarterContent/Materials/M_Basic_Wall.uasset" 610
"../../../../../../Users/fgarc/Documents/GitHub/ddsimulator/Content/StarterContent/Architecture/Wall_Window_400x300.uasset" 611
"../../../../../../Users/fgarc/Documents/GitHub/ddsimulator/Content/StarterContent/Architecture/Wall_Door_400x400.uasset" 612
"../../../../../../Users/fgarc/Documents/GitHub/ddsimulator/Content/StarterContent/Architecture/Wall_Door_400x300.uasset" 613
"../../../../../../Users/fgarc/Documents/GitHub/ddsimulator/Content/StarterContent/Architecture/Wall_500x500.uasset" 614
"../../../../../../Users/fgarc/Documents/GitHub/ddsimulator/Content/StarterContent/Architecture/Wall_400x400.uasset" 615
"../../../../../../Users/fgarc/Documents/GitHub/ddsimulator/Content/StarterContent/Architecture/Wall_400x300.uasset" 616
"../../../../../../Users/fgarc/Documents/GitHub/ddsimulator/Content/StarterContent/Architecture/Wall_400x200.uasset" 617
"../../../../../../Users/fgarc/Documents/GitHub/ddsimulator/Content/StarterContent/Architecture/SM_FloorPiece500x500.uasset" 618
"../../../../../../Users/fgarc/Documents/GitHub/ddsimulator/Content/StarterContent/Architecture/SM_CeilingPiece500x500.uasset" 619
"../../../../../../Users/fgarc/Documents/GitHub/ddsimulator/Content/StarterContent/Architecture/SM_AssetPlatform.uasset" 620
"../../../../../../Users/fgarc/Documents/GitHub/ddsimulator/Content/StarterContent/Materials/M_AssetPlatform.uasset" 621
"../../../../../../Users/fgarc/Documents/GitHub/ddsimulator/Content/StarterContent/Architecture/Pillar_50x500.uasset" 622
"../../../../../../Users/fgarc/Documents/GitHub/ddsimulator/Content/StarterContent/Materials/M_Basic_Floor.uasset" 623
"C:/Users/fgarc/AppData/Local/UnrealEngine/Common/DerivedDataCache/3/4/2/PHYSX_$7B1F0627AE$2DABEB$2D4206$2D8D78$2DE16BEB5DDC7E$7D_PHYSXPC_5EDF6869406AA__4016E0AEA31955A57E8DEFDE0ECEBFFC0852C38B.udd" 624
"../../../../../../Users/fgarc/Documents/GitHub/ddsimulator/Content/Meshes/phong1.uasset" 625
"../../../../../../Users/fgarc/Documents/GitHub/ddsimulator/Content/Meshes/BasicTile.uasset" 626
"../../../../../../Users/fgarc/Documents/GitHub/ddsimulator/Content/Materials/M_Highlight.uasset" 627
"../../../../../../Users/fgarc/Documents/GitHub/ddsimulator/Content/StarterContent/Props/Materials/M_MaterialSphere.uasset" 628
"../../../../../../Users/fgarc/Documents/GitHub/ddsimulator/Content/StarterContent/Props/Materials/M_Frame.uasset" 629
"../../../../../../Users/fgarc/Documents/GitHub/ddsimulator/Content/StarterContent/Textures/T_Frame_M.uasset" 630
"../../../../../../Users/fgarc/Documents/GitHub/ddsimulator/Content/StarterContent/Textures/T_Frame_N.uasset" 631
"../../../../../../Users/fgarc/Documents/GitHub/ddsimulator/Content/StarterContent/Props/Materials/M_Door.uasset" 632
"../../../../../../Users/fgarc/Documents/GitHub/ddsimulator/Content/StarterContent/Textures/T_Door_M.uasset" 633
"../../../../../../Users/fgarc/Documents/GitHub/ddsimulator/Content/StarterContent/Textures/T_Door_N.uasset" 634
"../../../../../../Users/fgarc/Documents/GitHub/ddsimulator/Content/StarterContent/Props/Materials/M_Chair.uasset" 635
"../../../../../../Users/fgarc/Documents/GitHub/ddsimulator/Content/StarterContent/Textures/T_Chair_M.uasset" 636
"../../../../../../Users/fgarc/Documents/GitHub/ddsimulator/Content/StarterContent/Textures/T_Chair_N.uasset" 637
"../../../../../../Users/fgarc/Documents/GitHub/ddsimulator/Content/StarterContent/Props/Materials/M_Bush.uasset" 638
"../../../../../../Users/fgarc/Documents/GitHub/ddsimulator/Content/StarterContent/Textures/T_Bush_D.uasset" 639
"../../../../../../Users/fgarc/Documents/GitHub/ddsimulator/Content/StarterContent/Textures/T_Bush_N.uasset" 640
"../../../../../../Users/fgarc/Documents/GitHub/ddsimulator/Content/StarterContent/Props/SM_WindowFrame.uasset" 641
"../../../../../../Users/fgarc/Documents/GitHub/ddsimulator/Content/StarterContent/Props/SM_TableRound.uasset" 642
"../../../../../../Users/fgarc/Documents/GitHub/ddsimulator/Content/StarterContent/Props/Materials/M_TableRound.uasset" 643
"../../../../../../Users/fgarc/Documents/GitHub/ddsimulator/Content/StarterContent/Textures/T_TableRound_M.uasset" 644
"../../../../../../Users/fgarc/Documents/GitHub/ddsimulator/Content/StarterContent/Textures/T_TableRound_N.uasset" 645
"../../../../../../Users/fgarc/Documents/GitHub/ddsimulator/Content/StarterContent/Props/SM_Statue.uasset" 646
"../../../../../../Users/fgarc/Documents/GitHub/ddsimulator/Content/StarterContent/Props/Materials/M_Statue.uasset" 647
"../../../../../../Users/fgarc/Documents/GitHub/ddsimulator/Content/StarterContent/Textures/T_Statue_M.uasset" 648
"../../../../../../Users/fgarc/Documents/GitHub/ddsimulator/Content/StarterContent/Textures/T_Statue_N.uasset" 649
"../../../../../../Users/fgarc/Documents/GitHub/ddsimulator/Content/StarterContent/Props/Materials/M_StatueGlass.uasset" 650
"../../../../../../Users/fgarc/Documents/GitHub/ddsimulator/Content/StarterContent/Props/SM_Stairs.uasset" 651
"../../../../../../Users/fgarc/Documents/GitHub/ddsimulator/Content/StarterContent/Props/SM_Shelf.uasset" 652
"../../../../../../Users/fgarc/Documents/GitHub/ddsimulator/Content/StarterContent/Props/Materials/M_Shelf.uasset" 653
"../../../../../../Users/fgarc/Documents/GitHub/ddsimulator/Content/StarterContent/Textures/T_Shelf_M.uasset" 654
"../../../../../../Users/fgarc/Documents/GitHub/ddsimulator/Content/StarterContent/Textures/T_Shelf_N.uasset" 655
"../../../../../../Users/fgarc/Documents/GitHub/ddsimulator/Content/StarterContent/Props/SM_Rock.uasset" 656
"../../../../../../Users/fgarc/Documents/GitHub/ddsimulator/Content/StarterContent/Props/Materials/M_Rock.uasset" 657
"../../../../../../Users/fgarc/Documents/GitHub/ddsimulator/Content/StarterContent/Textures/T_Detail_Rocky_N.uasset" 658
"../../../../../../Users/fgarc/Documents/GitHub/ddsimulator/Content/StarterContent/Textures/T_Rock_Basalt_D.uasset" 659
"../../../../../../Users/fgarc/Documents/GitHub/ddsimulator/Content/StarterContent/Textures/T_RockMesh_M.uasset" 660
"../../../../../../Users/fgarc/Documents/GitHub/ddsimulator/Content/StarterContent/Textures/T_RockMesh_N.uasset" 661
"../../../../../../Users/fgarc/Documents/GitHub/ddsimulator/Content/StarterContent/Props/SM_PillarFrame300.uasset" 662
"../../../../../../Users/fgarc/Documents/GitHub/ddsimulator/Content/StarterContent/Props/SM_PillarFrame.uasset" 663
"../../../../../../Users/fgarc/Documents/GitHub/ddsimulator/Content/StarterContent/Props/SM_MatPreviewMesh_02.uasset" 664
"../../../../../../Users/fgarc/Documents/GitHub/ddsimulator/Content/StarterContent/Props/Materials/M_MaterialSphere_Plain.uasset" 665
"../../../../../../Users/fgarc/Documents/GitHub/ddsimulator/Content/StarterContent/Props/SM_GlassWindow.uasset" 666
"../../../../../../Users/fgarc/Documents/GitHub/ddsimulator/Content/StarterContent/Materials/M_Glass.uasset" 667
"../../../../../../Users/fgarc/Documents/GitHub/ddsimulator/Content/StarterContent/Props/SM_DoorFrame.uasset" 668
"../../../../../../Users/fgarc/Documents/GitHub/ddsimulator/Content/StarterContent/Props/SM_Door.uasset" 669
"../../../../../../Users/fgarc/Documents/GitHub/ddsimulator/Content/StarterContent/Props/SM_Couch.uasset" 670
"../../../../../../Users/fgarc/Documents/GitHub/ddsimulator/Content/StarterContent/Props/SM_CornerFrame.uasset" 671
"../../../../../../Users/fgarc/Documents/GitHub/ddsimulator/Content/StarterContent/Props/SM_Chair.uasset" 672
"../../../../../../Users/fgarc/Documents/GitHub/ddsimulator/Content/StarterContent/Props/SM_Bush.uasset" 673
"../../../../../../Users/fgarc/Documents/GitHub/ddsimulator/Content/StarterContent/Props/MaterialSphere.uasset" 674
"../../../../../../Users/fgarc/Documents/GitHub/ddsimulator/Content/StarterContent/Particles/Materials/M_Dust_Particle.uasset" 675
"../../../../../../Users/fgarc/Documents/GitHub/ddsimulator/Content/StarterContent/Textures/T_Dust_Particle_D.uasset" 676
"../../../../../../Users/fgarc/Documents/GitHub/ddsimulator/Content/StarterContent/Materials/M_Ground_Moss.uasset" 677
"../../../../../../Users/fgarc/Documents/GitHub/ddsimulator/Content/StarterContent/Textures/T_ground_Moss_D.uasset" 678
"../../../../../../Users/fgarc/Documents/GitHub/ddsimulator/Content/StarterContent/Textures/T_Ground_Moss_N.uasset" 679
"../../../../../../Users/fgarc/Documents/GitHub/ddsimulator/Content/StarterContent/Textures/T_MacroVariation.uasset" 680
"../../../../../../Users/fgarc/Documents/GitHub/ddsimulator/Content/StarterContent/Textures/T_Perlin_Noise_M.uasset" 681
"../../../../../../Users/fgarc/Documents/GitHub/ddsimulator/Content/StarterContent/Materials/M_Ground_Gravel.uasset" 682
"../../../../../../Users/fgarc/Documents/GitHub/ddsimulator/Content/StarterContent/Textures/T_Ground_Gravel_D.uasset" 683
"../../../../../../Users/fgarc/Documents/GitHub/ddsimulator/Content/StarterContent/Textures/T_Ground_Gravel_N.uasset" 684
"../../../../../../Users/fgarc/Documents/GitHub/ddsimulator/Content/StarterContent/Materials/M_Ground_Grass.uasset" 685
"../../../../../../Users/fgarc/Documents/GitHub/ddsimulator/Content/StarterContent/Textures/T_Ground_Grass_D.uasset" 686
"../../../../../../Users/fgarc/Documents/GitHub/ddsimulator/Content/StarterContent/Textures/T_Ground_Grass_N.uasset" 687
"../../../../../../Users/fgarc/Documents/GitHub/ddsimulator/Content/StarterContent/Materials/M_Concrete_Tiles.uasset" 688
"../../../../../../Users/fgarc/Documents/GitHub/ddsimulator/Content/StarterContent/Textures/T_Concrete_Tiles_D.uasset" 689
"../../../../../../Users/fgarc/Documents/GitHub/ddsimulator/Content/StarterContent/Textures/T_Concrete_Tiles_M.uasset" 690
"../../../../../../Users/fgarc/Documents/GitHub/ddsimulator/Content/StarterContent/Textures/T_Concrete_Tiles_N.uasset" 691
"../../../../../../Users/fgarc/Documents/GitHub/ddsimulator/Content/StarterContent/Textures/T_Concrete_Tiles_Variation_M.uasset" 692
"../../../../../../Users/fgarc/Documents/GitHub/ddsimulator/Content/StarterContent/Materials/M_Concrete_Poured.uasset" 693
"../../../../../../Users/fgarc/Documents/GitHub/ddsimulator/Content/StarterContent/Textures/T_Concrete_Poured_D.uasset" 694
"../../../../../../Users/fgarc/Documents/GitHub/ddsimulator/Content/StarterContent/Textures/T_Concrete_Poured_N.uasset" 695
"../../../../../../Users/fgarc/Documents/GitHub/ddsimulator/Content/StarterContent/Materials/M_Concrete_Panels.uasset" 696
"../../../../../../Users/fgarc/Documents/GitHub/ddsimulator/Content/StarterContent/Textures/T_Concrete_Panels_D.uasset" 697
"../../../../../../Users/fgarc/Documents/GitHub/ddsimulator/Content/StarterContent/Textures/T_Concrete_Panels_N.uasset" 698
"../../../../../../Users/fgarc/Documents/GitHub/ddsimulator/Content/StarterContent/Materials/M_Concrete_Grime.uasset" 699
"../../../../../../Users/fgarc/Documents/GitHub/ddsimulator/Content/StarterContent/Textures/T_Concrete_Grime_D.uasset" 700
"../../../../../../Users/fgarc/Documents/GitHub/ddsimulator/Content/StarterContent/Textures/T_Metal_Rust_N.uasset" 701
"../../../../../../Users/fgarc/Documents/GitHub/ddsimulator/Content/StarterContent/Materials/M_ColorGrid_LowSpec.uasset" 702
"../../../Engine/Content/EditorMeshes/ColorCalibrator/T_ColorGrid.uasset" 703
"../../../../../../Users/fgarc/Documents/GitHub/ddsimulator/Content/StarterContent/Materials/M_CobbleStone_Smooth.uasset" 704
"../../../../../../Users/fgarc/Documents/GitHub/ddsimulator/Content/StarterContent/Textures/T_CobbleStone_Smooth_D.uasset" 705
"../../../../../../Users/fgarc/Documents/GitHub/ddsimulator/Content/StarterContent/Textures/T_CobbleStone_Smooth_M.uasset" 706
"../../../../../../Users/fgarc/Documents/GitHub/ddsimulator/Content/StarterContent/Textures/T_CobbleStone_Smooth_N.uasset" 707
"../../../../../../Users/fgarc/Documents/GitHub/ddsimulator/Content/StarterContent/Textures/T_Gradinet_01.uasset" 708
"../../../../../../Users/fgarc/Documents/GitHub/ddsimulator/Content/StarterContent/Textures/T_Rock_Smooth_Granite_D.uasset" 709
"../../../../../../Users/fgarc/Documents/GitHub/ddsimulator/Content/StarterContent/Materials/M_CobbleStone_Rough.uasset" 710
"../../../../../../Users/fgarc/Documents/GitHub/ddsimulator/Content/StarterContent/Textures/T_CobbleStone_Rough_D.uasset" 711
"../../../../../../Users/fgarc/Documents/GitHub/ddsimulator/Content/StarterContent/Textures/T_CobbleStone_Rough_N.uasset" 712
"../../../../../../Users/fgarc/Documents/GitHub/ddsimulator/Content/StarterContent/Materials/M_CobbleStone_Pebble.uasset" 713
"../../../../../../Users/fgarc/Documents/GitHub/ddsimulator/Content/StarterContent/Textures/T_CobbleStone_Pebble_D.uasset" 714
"../../../../../../Users/fgarc/Documents/GitHub/ddsimulator/Content/StarterContent/Textures/T_CobbleStone_Pebble_M.uasset" 715
"../../../../../../Users/fgarc/Documents/GitHub/ddsimulator/Content/StarterContent/Textures/T_CobbleStone_Pebble_N.uasset" 716
"../../../../../../Users/fgarc/Documents/GitHub/ddsimulator/Content/StarterContent/Materials/M_Ceramic_Tile_Checker.uasset" 717
"../../../../../../Users/fgarc/Documents/GitHub/ddsimulator/Content/StarterContent/Textures/T_Ceramic_Tile_M.uasset" 718
"../../../../../../Users/fgarc/Documents/GitHub/ddsimulator/Content/StarterContent/Textures/T_Ceramic_Tile_N.uasset" 719
"../../../../../../Users/fgarc/Documents/GitHub/ddsimulator/Content/StarterContent/Textures/T_Rock_Marble_Polished_D.uasset" 720
"../../../../../../Users/fgarc/Documents/GitHub/ddsimulator/Content/StarterContent/Materials/M_Brick_Hewn_Stone.uasset" 721
"../../../../../../Users/fgarc/Documents/GitHub/ddsimulator/Content/StarterContent/Textures/T_Brick_Hewn_Stone_D.uasset" 722
"../../../../../../Users/fgarc/Documents/GitHub/ddsimulator/Content/StarterContent/Textures/T_Brick_Hewn_Stone_M.uasset" 723
"../../../../../../Users/fgarc/Documents/GitHub/ddsimulator/Content/StarterContent/Textures/T_Brick_Hewn_Stone_N.uasset" 724
"../../../../../../Users/fgarc/Documents/GitHub/ddsimulator/Content/StarterContent/Materials/M_Brick_Cut_Stone.uasset" 725
"../../../../../../Users/fgarc/Documents/GitHub/ddsimulator/Content/StarterContent/Textures/T_Brick_Cut_Stone_D.uasset" 726
"../../../../../../Users/fgarc/Documents/GitHub/ddsimulator/Content/StarterContent/Textures/T_Brick_Cut_Stone_N.uasset" 727
"../../../../../../Users/fgarc/Documents/GitHub/ddsimulator/Content/StarterContent/Materials/M_Brick_Clay_Old.uasset" 728
"../../../../../../Users/fgarc/Documents/GitHub/ddsimulator/Content/StarterContent/Textures/T_Brick_Clay_Old_D.uasset" 729
"../../../../../../Users/fgarc/Documents/GitHub/ddsimulator/Content/StarterContent/Textures/T_Brick_Clay_Old_N.uasset" 730
"../../../../../../Users/fgarc/Documents/GitHub/ddsimulator/Content/StarterContent/Materials/M_Brick_Clay_New.uasset" 731
"../../../../../../Users/fgarc/Documents/GitHub/ddsimulator/Content/StarterContent/Textures/T_Brick_Clay_New_D.uasset" 732
"../../../../../../Users/fgarc/Documents/GitHub/ddsimulator/Content/StarterContent/Textures/T_Brick_Clay_New_M.uasset" 733
"../../../../../../Users/fgarc/Documents/GitHub/ddsimulator/Content/StarterContent/Textures/T_Brick_Clay_New_N.uasset" 734
"../../../../../../Users/fgarc/Documents/GitHub/ddsimulator/Content/StarterContent/Materials/M_Brick_Clay_Beveled.uasset" 735
"../../../../../../Users/fgarc/Documents/GitHub/ddsimulator/Content/StarterContent/Textures/T_Brick_Clay_Beveled_D.uasset" 736
"../../../../../../Users/fgarc/Documents/GitHub/ddsimulator/Content/StarterContent/Textures/T_Brick_Clay_Beveled_M.uasset" 737
"../../../../../../Users/fgarc/Documents/GitHub/ddsimulator/Content/StarterContent/Textures/T_Brick_Clay_Beveled_N.uasset" 738
"../../../../../../Users/fgarc/Documents/GitHub/ddsimulator/Content/StarterContent/Textures/T_Wood_Oak_D.uasset" 739
"../../../../../../Users/fgarc/Documents/GitHub/ddsimulator/Content/StarterContent/Textures/T_Rock_03_N.uasset" 740
"../../../../../../Users/fgarc/Documents/GitHub/ddsimulator/Content/StarterContent/Textures/T_Rock_03_D.uasset" 741
"../../../../../../Users/fgarc/Documents/GitHub/ddsimulator/Content/StarterContent/Textures/T_Rock_01_N.uasset" 742
"../../../../../../Users/fgarc/Documents/GitHub/ddsimulator/Content/StarterContent/Textures/T_Rock_01_D.uasset" 743
"../../../../../../Users/fgarc/Documents/GitHub/ddsimulator/Content/StarterContent/Textures/T_Rocky_01_N.uasset" 744
"C:/Users/fgarc/AppData/Local/UnrealEngine/Common/DerivedDataCache/5/5/8/TEXTURE_814DCC3DC72143F49509781513CB9855_BC5_27B3101C4CE5590936ACDD946C6BA9DF___AE60EC0C30CB6C485FF30D318DB87735984ACF0C.udd" 745
"C:/Users/fgarc/AppData/Local/UnrealEngine/Common/DerivedDataCache/9/0/2/TEXTURE_814DCC3DC72143F49509781513CB9855_BC5_27B3101C4CE5590936ACDD946C6BA9DF___395DE07B541388380691D88F688CD543A319288B.udd" 746
"C:/Users/fgarc/AppData/Local/UnrealEngine/Common/DerivedDataCache/0/3/4/TEXTURE_814DCC3DC72143F49509781513CB9855_BC5_27B3101C4CE5590936ACDD946C6BA9DF___8552971AE1CF0443E126D1980673AE7333F27277.udd" 747
"C:/Users/fgarc/AppData/Local/UnrealEngine/Common/DerivedDataCache/2/9/3/TEXTURE_814DCC3DC72143F49509781513CB9855_BC5_27B3101C4CE5590936ACDD946C6BA9DF___4E6D1D58BC424168B5F8FD73CA52A4459FEF2B9A.udd" 748
"../../../../../../Users/fgarc/Documents/GitHub/ddsimulator/Content/StarterContent/Materials/M_Wood_Floor_Walnut_Worn.uasset" 749
"../../../Engine/Content/Functions/Engine_MaterialFunctions01/Opacity/AlphaOffset.uasset" 750
"../../../../../../Users/fgarc/Documents/GitHub/ddsimulator/Content/StarterContent/Textures/T_Wood_Floor_Walnut_D.uasset" 751
"../../../../../../Users/fgarc/Documents/GitHub/ddsimulator/Content/StarterContent/Textures/T_Wood_Floor_Walnut_M.uasset" 752
"../../../../../../Users/fgarc/Documents/GitHub/ddsimulator/Content/StarterContent/Textures/T_Wood_Floor_Walnut_N.uasset" 753
"../../../../../../Users/fgarc/Documents/GitHub/ddsimulator/Content/StarterContent/Materials/M_Wood_Floor_Walnut_Polished.uasset" 754
"../../../../../../Users/fgarc/Documents/GitHub/ddsimulator/Content/StarterContent/Materials/M_Water_Ocean.uasset" 755
"../../../../../../Users/fgarc/Documents/GitHub/ddsimulator/Content/StarterContent/Textures/T_Water_M.uasset" 756
"../../../../../../Users/fgarc/Documents/GitHub/ddsimulator/Content/StarterContent/Materials/M_Water_Lake.uasset" 757
"../../../../../../Users/fgarc/Documents/GitHub/ddsimulator/Content/StarterContent/Materials/M_Tech_Panel.uasset" 758
"../../../../../../Users/fgarc/Documents/GitHub/ddsimulator/Content/StarterContent/Textures/T_Metal_Steel_D.uasset" 759
"../../../../../../Users/fgarc/Documents/GitHub/ddsimulator/Content/StarterContent/Textures/T_Tech_Panel_M.uasset" 760
"../../../../../../Users/fgarc/Documents/GitHub/ddsimulator/Content/StarterContent/Textures/T_Tech_Panel_N.uasset" 761
"../../../../../../Users/fgarc/Documents/GitHub/ddsimulator/Content/StarterContent/Materials/M_Tech_Hex_Tile_Pulse.uasset" 762
"../../../../../../Users/fgarc/Documents/GitHub/ddsimulator/Content/StarterContent/Textures/T_Tech_Hex_Tile_M.uasset" 763
"../../../../../../Users/fgarc/Documents/GitHub/ddsimulator/Content/StarterContent/Textures/T_Tech_Hex_Tile_N.uasset" 764
"../../../../../../Users/fgarc/Documents/GitHub/ddsimulator/Content/StarterContent/Materials/M_Tech_Hex_Tile.uasset" 765
"../../../../../../Users/fgarc/Documents/GitHub/ddsimulator/Content/StarterContent/Materials/M_Tech_Checker_Dot.uasset" 766
"../../../../../../Users/fgarc/Documents/GitHub/ddsimulator/Content/StarterContent/Textures/T_Checker_Noise_M.uasset" 767
"../../../../../../Users/fgarc/Documents/GitHub/ddsimulator/Content/StarterContent/Textures/T_Single_Tile_N.uasset" 768
"../../../../../../Users/fgarc/Documents/GitHub/ddsimulator/Content/StarterContent/Textures/T_Tech_Dot_M.uasset" 769
"../../../../../../Users/fgarc/Documents/GitHub/ddsimulator/Content/StarterContent/Textures/T_Tech_Dot_N.uasset" 770
"../../../../../../Users/fgarc/Documents/GitHub/ddsimulator/Content/StarterContent/Materials/M_Rock_Slate.uasset" 771
"../../../../../../Users/fgarc/Documents/GitHub/ddsimulator/Content/StarterContent/Textures/T_Rock_Slate_D.uasset" 772
"../../../../../../Users/fgarc/Documents/GitHub/ddsimulator/Content/StarterContent/Textures/T_Rock_Slate_N.uasset" 773
"../../../../../../Users/fgarc/Documents/GitHub/ddsimulator/Content/StarterContent/Materials/M_Rock_Sandstone.uasset" 774
"../../../../../../Users/fgarc/Documents/GitHub/ddsimulator/Content/StarterContent/Textures/T_Rock_Sandstone_D.uasset" 775
"../../../../../../Users/fgarc/Documents/GitHub/ddsimulator/Content/StarterContent/Textures/T_Rock_Sandstone_N.uasset" 776
"../../../../../../Users/fgarc/Documents/GitHub/ddsimulator/Content/StarterContent/Materials/M_Rock_Marble_Polished.uasset" 777
"../../../../../../Users/fgarc/Documents/GitHub/ddsimulator/Content/StarterContent/Textures/T_Metal_Gold_N.uasset" 778
"../../../../../../Users/fgarc/Documents/GitHub/ddsimulator/Content/StarterContent/Materials/M_Rock_Basalt.uasset" 779
"../../../../../../Users/fgarc/Documents/GitHub/ddsimulator/Content/StarterContent/Textures/T_Rock_Basalt_N.uasset" 780
"../../../../../../Users/fgarc/Documents/GitHub/ddsimulator/Content/StarterContent/Materials/M_Metal_Steel.uasset" 781
"../../../../../../Users/fgarc/Documents/GitHub/ddsimulator/Content/StarterContent/Textures/T_Metal_Steel_N.uasset" 782
"../../../../../../Users/fgarc/Documents/GitHub/ddsimulator/Content/StarterContent/Materials/M_Metal_Rust.uasset" 783
"../../../../../../Users/fgarc/Documents/GitHub/ddsimulator/Content/StarterContent/Textures/T_Metal_Rust_D.uasset" 784
"../../../../../../Users/fgarc/Documents/GitHub/ddsimulator/Content/StarterContent/Materials/M_Metal_Gold.uasset" 785
"../../../../../../Users/fgarc/Documents/GitHub/ddsimulator/Content/StarterContent/Textures/T_Metal_Gold_D.uasset" 786
"../../../../../../Users/fgarc/Documents/GitHub/ddsimulator/Content/StarterContent/Materials/M_Metal_Copper.uasset" 787
"../../../../../../Users/fgarc/Documents/GitHub/ddsimulator/Content/StarterContent/Textures/T_Metal_Copper_D.uasset" 788
"../../../../../../Users/fgarc/Documents/GitHub/ddsimulator/Content/StarterContent/Materials/M_Metal_Chrome.uasset" 789
"../../../../../../Users/fgarc/Documents/GitHub/ddsimulator/Content/StarterContent/Materials/M_Metal_Burnished_Steel.uasset" 790
"../../../../../../Users/fgarc/Documents/GitHub/ddsimulator/Content/StarterContent/Textures/T_Metal_Aluminum_D.uasset" 791
"../../../../../../Users/fgarc/Documents/GitHub/ddsimulator/Content/StarterContent/Materials/M_Metal_Brushed_Nickel.uasset" 792
